<?xml version="1.0" encoding="UTF-8"?>
<testsuites name="GRiD Login" time="418.918" tests="1" failures="1" errors="0">
   <testsuite name="GRiD Login" tests="1" failures="1" errors="0" time="418.918" timestamp="2020-09-03 14:22:00" hostname="bhavikpatel - bah5cd9168lrq.resource.ds.bah.com" id="Test Suites/GRiD Login">
      <properties>
         <property name="deviceName" value=""/>
         <property name="devicePlatform" value=""/>
         <property name="logFolder" value="/Users/bhavikpatel/Downloads/Projects/CRREL/GRiD/Automation Testing/Automation Testing Project/KatalonTesting/Reports/20200903_142157/GRiD Login/20200903_142157"/>
         <property name="logFiles" value="/Users/bhavikpatel/Downloads/Projects/CRREL/GRiD/Automation Testing/Automation Testing Project/KatalonTesting/Reports/20200903_142157/GRiD Login/20200903_142157/execution0.log"/>
         <property name="attachments" value="/Users/bhavikpatel/Downloads/Projects/CRREL/GRiD/Automation Testing/Automation Testing Project/KatalonTesting/Reports/20200903_142157/GRiD Login/20200903_142157/1599157737315.png"/>
         <property name="hostName" value="bhavikpatel - bah5cd9168lrq.resource.ds.bah.com"/>
         <property name="os" value="Mac OS X 64bit"/>
         <property name="katalonVersion" value="7.6.2.205"/>
         <property name="browser" value="Chrome 85.0.4183.83"/>
         <property name="hostAddress" value="10.252.147.3"/>
         <property name="sessionId" value="438711d5935fd673cb36f39a195a1d00"/>
         <property name="seleniumVersion" value="3.141.59"/>
         <property name="proxyInformation" value="ProxyInformation { proxyOption=NO_PROXY, proxyServerType=HTTP, username=, password=********, proxyServerAddress=, proxyServerPort=0, executionList=\&quot;\&quot;, isApplyToDesiredCapabilities=true }"/>
         <property name="platform" value="Mac OS X"/>
      </properties>
      <testcase name="Test Cases/FG3D Test" time="417.885" classname="Test Cases/FG3D Test" status="FAILED">
         <failure type="FAILED" message="Test Cases/FG3D Test FAILED.
Reason:
com.kms.katalon.core.exception.StepFailedException: Unable to click on object 'Object Repository/Page_FG3D  GRiD/a_View on map'
	at com.kms.katalon.core.webui.keyword.internal.WebUIKeywordMain.stepFailed(WebUIKeywordMain.groovy:64)
	at com.kms.katalon.core.webui.keyword.internal.WebUIKeywordMain.runKeyword(WebUIKeywordMain.groovy:26)
	at com.kms.katalon.core.webui.keyword.builtin.ClickKeyword.click(ClickKeyword.groovy:76)
	at com.kms.katalon.core.webui.keyword.builtin.ClickKeyword.execute(ClickKeyword.groovy:43)
	at com.kms.katalon.core.keyword.internal.KeywordExecutor.executeKeywordForPlatform(KeywordExecutor.groovy:73)
	at com.kms.katalon.core.webui.keyword.WebUiBuiltInKeywords.click(WebUiBuiltInKeywords.groovy:616)
	at com.kms.katalon.core.webui.keyword.WebUiBuiltInKeywords$click$1.call(Unknown Source)
	at FG3D Test.run(FG3D Test:37)
	at com.kms.katalon.core.main.ScriptEngine.run(ScriptEngine.java:194)
	at com.kms.katalon.core.main.ScriptEngine.runScriptAsRawText(ScriptEngine.java:119)
	at com.kms.katalon.core.main.TestCaseExecutor.runScript(TestCaseExecutor.java:339)
	at com.kms.katalon.core.main.TestCaseExecutor.doExecute(TestCaseExecutor.java:330)
	at com.kms.katalon.core.main.TestCaseExecutor.processExecutionPhase(TestCaseExecutor.java:309)
	at com.kms.katalon.core.main.TestCaseExecutor.accessMainPhase(TestCaseExecutor.java:301)
	at com.kms.katalon.core.main.TestCaseExecutor.execute(TestCaseExecutor.java:235)
	at com.kms.katalon.core.main.TestSuiteExecutor.accessTestCaseMainPhase(TestSuiteExecutor.java:191)
	at com.kms.katalon.core.main.TestSuiteExecutor.accessTestSuiteMainPhase(TestSuiteExecutor.java:141)
	at com.kms.katalon.core.main.TestSuiteExecutor.execute(TestSuiteExecutor.java:90)
	at com.kms.katalon.core.main.TestCaseMain.startTestSuite(TestCaseMain.java:157)
	at com.kms.katalon.core.main.TestCaseMain$startTestSuite$0.call(Unknown Source)
	at TempTestSuite1599157317494.run(TempTestSuite1599157317494.groovy:39)
Caused by: org.openqa.selenium.ElementNotInteractableException: element not interactable
  (Session info: chrome=85.0.4183.83)
Build info: version: '3.141.59', revision: 'e82be7d358', time: '2018-11-14T08:25:53'
System info: host: 'bah5cd9168lrq.resource.ds.bah.com', ip: 'fe80:0:0:0:8e5:6086:d883:e3f8%en0', os.name: 'Mac OS X', os.arch: 'x86_64', os.version: '10.15.6', java.version: '1.8.0_181'
Driver info: com.kms.katalon.selenium.driver.CChromeDriver
Capabilities {acceptInsecureCerts: false, browserName: chrome, browserVersion: 85.0.4183.83, chrome: {chromedriverVersion: 85.0.4183.87 (cd6713ebf92fa..., userDataDir: /var/folders/mk/mm0g76rn3_g...}, goog:chromeOptions: {debuggerAddress: localhost:59070}, javascriptEnabled: true, networkConnectionEnabled: false, pageLoadStrategy: normal, platform: MAC, platformName: MAC, proxy: Proxy(), setWindowRect: true, strictFileInteractability: false, timeouts: {implicit: 0, pageLoad: 300000, script: 30000}, unhandledPromptBehavior: dismiss and notify, webauthn:virtualAuthenticators: true}
Session ID: 438711d5935fd673cb36f39a195a1d00
	at org.openqa.selenium.remote.http.W3CHttpResponseCodec.createException(W3CHttpResponseCodec.java:187)
	at org.openqa.selenium.remote.http.W3CHttpResponseCodec.decode(W3CHttpResponseCodec.java:122)
	at org.openqa.selenium.remote.http.W3CHttpResponseCodec.decode(W3CHttpResponseCodec.java:49)
	at org.openqa.selenium.remote.HttpCommandExecutor.execute(HttpCommandExecutor.java:158)
	at org.openqa.selenium.remote.service.DriverCommandExecutor.execute(DriverCommandExecutor.java:83)
	at org.openqa.selenium.remote.RemoteWebDriver.execute(RemoteWebDriver.java:552)
	at com.kms.katalon.selenium.driver.CChromeDriver.execute(CChromeDriver.java:19)
	at org.openqa.selenium.remote.RemoteWebElement.execute(RemoteWebElement.java:285)
	at org.openqa.selenium.remote.RemoteWebElement.click(RemoteWebElement.java:84)
	at org.openqa.selenium.support.events.EventFiringWebDriver$EventFiringWebElement.lambda$new$0(EventFiringWebDriver.java:404)
	at com.sun.proxy.$Proxy9.click(Unknown Source)
	at org.openqa.selenium.support.events.EventFiringWebDriver$EventFiringWebElement.click(EventFiringWebDriver.java:417)
	at com.kms.katalon.core.webui.keyword.builtin.ClickKeyword$_click_closure1.doCall(ClickKeyword.groovy:69)
	at com.kms.katalon.core.webui.keyword.builtin.ClickKeyword$_click_closure1.call(ClickKeyword.groovy)
	at com.kms.katalon.core.webui.keyword.internal.WebUIKeywordMain.runKeyword(WebUIKeywordMain.groovy:20)
	... 19 more
"/>
         <system-out><![CDATA[2020-09-03 14:22:00 - [TEST_CASE][FAILED] - Test Cases/FG3D Test: Test Cases/FG3D Test FAILED.
Reason:
com.kms.katalon.core.exception.StepFailedException: Unable to click on object 'Object Repository/Page_FG3D  GRiD/a_View on map'
	at com.kms.katalon.core.webui.keyword.internal.WebUIKeywordMain.stepFailed(WebUIKeywordMain.groovy:64)
	at com.kms.katalon.core.webui.keyword.internal.WebUIKeywordMain.runKeyword(WebUIKeywordMain.groovy:26)
	at com.kms.katalon.core.webui.keyword.builtin.ClickKeyword.click(ClickKeyword.groovy:76)
	at com.kms.katalon.core.webui.keyword.builtin.ClickKeyword.execute(ClickKeyword.groovy:43)
	at com.kms.katalon.core.keyword.internal.KeywordExecutor.executeKeywordForPlatform(KeywordExecutor.groovy:73)
	at com.kms.katalon.core.webui.keyword.WebUiBuiltInKeywords.click(WebUiBuiltInKeywords.groovy:616)
	at com.kms.katalon.core.webui.keyword.WebUiBuiltInKeywords$click$1.call(Unknown Source)
	at FG3D Test.run(FG3D Test:37)
	at com.kms.katalon.core.main.ScriptEngine.run(ScriptEngine.java:194)
	at com.kms.katalon.core.main.ScriptEngine.runScriptAsRawText(ScriptEngine.java:119)
	at com.kms.katalon.core.main.TestCaseExecutor.runScript(TestCaseExecutor.java:339)
	at com.kms.katalon.core.main.TestCaseExecutor.doExecute(TestCaseExecutor.java:330)
	at com.kms.katalon.core.main.TestCaseExecutor.processExecutionPhase(TestCaseExecutor.java:309)
	at com.kms.katalon.core.main.TestCaseExecutor.accessMainPhase(TestCaseExecutor.java:301)
	at com.kms.katalon.core.main.TestCaseExecutor.execute(TestCaseExecutor.java:235)
	at com.kms.katalon.core.main.TestSuiteExecutor.accessTestCaseMainPhase(TestSuiteExecutor.java:191)
	at com.kms.katalon.core.main.TestSuiteExecutor.accessTestSuiteMainPhase(TestSuiteExecutor.java:141)
	at com.kms.katalon.core.main.TestSuiteExecutor.execute(TestSuiteExecutor.java:90)
	at com.kms.katalon.core.main.TestCaseMain.startTestSuite(TestCaseMain.java:157)
	at com.kms.katalon.core.main.TestCaseMain$startTestSuite$0.call(Unknown Source)
	at TempTestSuite1599157317494.run(TempTestSuite1599157317494.groovy:39)
Caused by: org.openqa.selenium.ElementNotInteractableException: element not interactable
  (Session info: chrome=85.0.4183.83)
Build info: version: '3.141.59', revision: 'e82be7d358', time: '2018-11-14T08:25:53'
System info: host: 'bah5cd9168lrq.resource.ds.bah.com', ip: 'fe80:0:0:0:8e5:6086:d883:e3f8%en0', os.name: 'Mac OS X', os.arch: 'x86_64', os.version: '10.15.6', java.version: '1.8.0_181'
Driver info: com.kms.katalon.selenium.driver.CChromeDriver
Capabilities {acceptInsecureCerts: false, browserName: chrome, browserVersion: 85.0.4183.83, chrome: {chromedriverVersion: 85.0.4183.87 (cd6713ebf92fa..., userDataDir: /var/folders/mk/mm0g76rn3_g...}, goog:chromeOptions: {debuggerAddress: localhost:59070}, javascriptEnabled: true, networkConnectionEnabled: false, pageLoadStrategy: normal, platform: MAC, platformName: MAC, proxy: Proxy(), setWindowRect: true, strictFileInteractability: false, timeouts: {implicit: 0, pageLoad: 300000, script: 30000}, unhandledPromptBehavior: dismiss and notify, webauthn:virtualAuthenticators: true}
Session ID: 438711d5935fd673cb36f39a195a1d00
	at org.openqa.selenium.remote.http.W3CHttpResponseCodec.createException(W3CHttpResponseCodec.java:187)
	at org.openqa.selenium.remote.http.W3CHttpResponseCodec.decode(W3CHttpResponseCodec.java:122)
	at org.openqa.selenium.remote.http.W3CHttpResponseCodec.decode(W3CHttpResponseCodec.java:49)
	at org.openqa.selenium.remote.HttpCommandExecutor.execute(HttpCommandExecutor.java:158)
	at org.openqa.selenium.remote.service.DriverCommandExecutor.execute(DriverCommandExecutor.java:83)
	at org.openqa.selenium.remote.RemoteWebDriver.execute(RemoteWebDriver.java:552)
	at com.kms.katalon.selenium.driver.CChromeDriver.execute(CChromeDriver.java:19)
	at org.openqa.selenium.remote.RemoteWebElement.execute(RemoteWebElement.java:285)
	at org.openqa.selenium.remote.RemoteWebElement.click(RemoteWebElement.java:84)
	at org.openqa.selenium.support.events.EventFiringWebDriver$EventFiringWebElement.lambda$new$0(EventFiringWebDriver.java:404)
	at com.sun.proxy.$Proxy9.click(Unknown Source)
	at org.openqa.selenium.support.events.EventFiringWebDriver$EventFiringWebElement.click(EventFiringWebDriver.java:417)
	at com.kms.katalon.core.webui.keyword.builtin.ClickKeyword$_click_closure1.doCall(ClickKeyword.groovy:69)
	at com.kms.katalon.core.webui.keyword.builtin.ClickKeyword$_click_closure1.call(ClickKeyword.groovy)
	at com.kms.katalon.core.webui.keyword.internal.WebUIKeywordMain.runKeyword(WebUIKeywordMain.groovy:20)
	... 19 more


2020-09-03 14:22:01 - [TEST_STEP][PASSED] - openBrowser(""): Browser is opened with url: ''

2020-09-03 14:22:01 - [MESSAGE][INFO] - Starting 'Chrome' driver

2020-09-03 14:22:01 - [MESSAGE][INFO] - Action delay is set to 0 milliseconds

2020-09-03 14:22:03 - [MESSAGE][PASSED] - Browser is opened with url: ''

2020-09-03 14:22:03 - [TEST_STEP][PASSED] - navigateToUrl("https://grid.nga.mil/grid/"): Navigate to 'https://grid.nga.mil/grid/' successfully

2020-09-03 14:22:06 - [MESSAGE][PASSED] - Navigate to 'https://grid.nga.mil/grid/' successfully

2020-09-03 14:22:06 - [TEST_STEP][PASSED] - click(findTestObject("Page_Home  GRiD/a_GEOAxIS")): Object: 'Object Repository/Page_Home  GRiD/a_GEOAxIS' is clicked on

2020-09-03 14:22:11 - [MESSAGE][PASSED] - Object: 'Object Repository/Page_Home  GRiD/a_GEOAxIS' is clicked on

2020-09-03 14:22:11 - [TEST_STEP][PASSED] - click(findTestObject("Page_GEOAxIS/a_PKI Certificate")): Object: 'Object Repository/Page_GEOAxIS/a_PKI Certificate' is clicked on

2020-09-03 14:22:11 - [MESSAGE][PASSED] - Object: 'Object Repository/Page_GEOAxIS/a_PKI Certificate' is clicked on

2020-09-03 14:22:11 - [TEST_STEP][PASSED] - click(findTestObject("Page_GEOAxIS/span_Click here to continue")): Object: 'Object Repository/Page_GEOAxIS/span_Click here to continue' is clicked on

2020-09-03 14:22:22 - [MESSAGE][PASSED] - Object: 'Object Repository/Page_GEOAxIS/span_Click here to continue' is clicked on

2020-09-03 14:22:22 - [TEST_STEP][PASSED] - click(findTestObject("Object Repository/Page_Home  GRiD/a_Share")): Object: 'Object Repository/Page_Home  GRiD/a_Share' is clicked on

2020-09-03 14:22:24 - [MESSAGE][PASSED] - Object: 'Object Repository/Page_Home  GRiD/a_Share' is clicked on

2020-09-03 14:22:24 - [TEST_STEP][PASSED] - click(findTestObject("Object Repository/Page_Workgroups  GRiD/a_FG3D")): Object: 'Object Repository/Page_Workgroups  GRiD/a_FG3D' is clicked on

2020-09-03 14:22:28 - [MESSAGE][PASSED] - Object: 'Object Repository/Page_Workgroups  GRiD/a_FG3D' is clicked on

2020-09-03 14:22:28 - [TEST_STEP][FAILED] - for ([row = 1, row <= findTestData("FG3D Test Data").getRowNumbers(), (row++)]): Unable to click on object 'Object Repository/Page_FG3D  GRiD/a_View on map' (Root cause: com.kms.katalon.core.exception.StepFailedException: Unable to click on object 'Object Repository/Page_FG3D  GRiD/a_View on map'
	at com.kms.katalon.core.webui.keyword.internal.WebUIKeywordMain.stepFailed(WebUIKeywordMain.groovy:64)
	at com.kms.katalon.core.webui.keyword.internal.WebUIKeywordMain.runKeyword(WebUIKeywordMain.groovy:26)
	at com.kms.katalon.core.webui.keyword.builtin.ClickKeyword.click(ClickKeyword.groovy:76)
	at com.kms.katalon.core.webui.keyword.builtin.ClickKeyword.execute(ClickKeyword.groovy:43)
	at com.kms.katalon.core.keyword.internal.KeywordExecutor.executeKeywordForPlatform(KeywordExecutor.groovy:73)
	at com.kms.katalon.core.webui.keyword.WebUiBuiltInKeywords.click(WebUiBuiltInKeywords.groovy:616)
	at com.kms.katalon.core.webui.keyword.WebUiBuiltInKeywords$click$1.call(Unknown Source)
	at FG3D Test.run(FG3D Test:37)
	at com.kms.katalon.core.main.ScriptEngine.run(ScriptEngine.java:194)
	at com.kms.katalon.core.main.ScriptEngine.runScriptAsRawText(ScriptEngine.java:119)
	at com.kms.katalon.core.main.TestCaseExecutor.runScript(TestCaseExecutor.java:339)
	at com.kms.katalon.core.main.TestCaseExecutor.doExecute(TestCaseExecutor.java:330)
	at com.kms.katalon.core.main.TestCaseExecutor.processExecutionPhase(TestCaseExecutor.java:309)
	at com.kms.katalon.core.main.TestCaseExecutor.accessMainPhase(TestCaseExecutor.java:301)
	at com.kms.katalon.core.main.TestCaseExecutor.execute(TestCaseExecutor.java:235)
	at com.kms.katalon.core.main.TestSuiteExecutor.accessTestCaseMainPhase(TestSuiteExecutor.java:191)
	at com.kms.katalon.core.main.TestSuiteExecutor.accessTestSuiteMainPhase(TestSuiteExecutor.java:141)
	at com.kms.katalon.core.main.TestSuiteExecutor.execute(TestSuiteExecutor.java:90)
	at com.kms.katalon.core.main.TestCaseMain.startTestSuite(TestCaseMain.java:157)
	at com.kms.katalon.core.main.TestCaseMain$startTestSuite$0.call(Unknown Source)
	at TempTestSuite1599157317494.run(TempTestSuite1599157317494.groovy:39)
Caused by: org.openqa.selenium.ElementNotInteractableException: element not interactable
  (Session info: chrome=85.0.4183.83)
Build info: version: '3.141.59', revision: 'e82be7d358', time: '2018-11-14T08:25:53'
System info: host: 'bah5cd9168lrq.resource.ds.bah.com', ip: 'fe80:0:0:0:8e5:6086:d883:e3f8%en0', os.name: 'Mac OS X', os.arch: 'x86_64', os.version: '10.15.6', java.version: '1.8.0_181'
Driver info: com.kms.katalon.selenium.driver.CChromeDriver
Capabilities {acceptInsecureCerts: false, browserName: chrome, browserVersion: 85.0.4183.83, chrome: {chromedriverVersion: 85.0.4183.87 (cd6713ebf92fa..., userDataDir: /var/folders/mk/mm0g76rn3_g...}, goog:chromeOptions: {debuggerAddress: localhost:59070}, javascriptEnabled: true, networkConnectionEnabled: false, pageLoadStrategy: normal, platform: MAC, platformName: MAC, proxy: Proxy(), setWindowRect: true, strictFileInteractability: false, timeouts: {implicit: 0, pageLoad: 300000, script: 30000}, unhandledPromptBehavior: dismiss and notify, webauthn:virtualAuthenticators: true}
Session ID: 438711d5935fd673cb36f39a195a1d00
	at org.openqa.selenium.remote.http.W3CHttpResponseCodec.createException(W3CHttpResponseCodec.java:187)
	at org.openqa.selenium.remote.http.W3CHttpResponseCodec.decode(W3CHttpResponseCodec.java:122)
	at org.openqa.selenium.remote.http.W3CHttpResponseCodec.decode(W3CHttpResponseCodec.java:49)
	at org.openqa.selenium.remote.HttpCommandExecutor.execute(HttpCommandExecutor.java:158)
	at org.openqa.selenium.remote.service.DriverCommandExecutor.execute(DriverCommandExecutor.java:83)
	at org.openqa.selenium.remote.RemoteWebDriver.execute(RemoteWebDriver.java:552)
	at com.kms.katalon.selenium.driver.CChromeDriver.execute(CChromeDriver.java:19)
	at org.openqa.selenium.remote.RemoteWebElement.execute(RemoteWebElement.java:285)
	at org.openqa.selenium.remote.RemoteWebElement.click(RemoteWebElement.java:84)
	at org.openqa.selenium.support.events.EventFiringWebDriver$EventFiringWebElement.lambda$new$0(EventFiringWebDriver.java:404)
	at com.sun.proxy.$Proxy9.click(Unknown Source)
	at org.openqa.selenium.support.events.EventFiringWebDriver$EventFiringWebElement.click(EventFiringWebDriver.java:417)
	at com.kms.katalon.core.webui.keyword.builtin.ClickKeyword$_click_closure1.doCall(ClickKeyword.groovy:69)
	at com.kms.katalon.core.webui.keyword.builtin.ClickKeyword$_click_closure1.call(ClickKeyword.groovy)
	at com.kms.katalon.core.webui.keyword.internal.WebUIKeywordMain.runKeyword(WebUIKeywordMain.groovy:20)
	at com.kms.katalon.core.webui.keyword.builtin.ClickKeyword.click(ClickKeyword.groovy:76)
	at com.kms.katalon.core.webui.keyword.builtin.ClickKeyword.execute(ClickKeyword.groovy:43)
	at com.kms.katalon.core.keyword.internal.KeywordExecutor.executeKeywordForPlatform(KeywordExecutor.groovy:73)
	at com.kms.katalon.core.webui.keyword.WebUiBuiltInKeywords.click(WebUiBuiltInKeywords.groovy:616)
	at com.kms.katalon.core.webui.keyword.WebUiBuiltInKeywords$click$1.call(Unknown Source)
	at Script1596659605283.run(Script1596659605283.groovy:37)
	... 13 more
)

2020-09-03 14:22:28 - [TEST_STEP][PASSED] - click(findTestObject("Object Repository/Page_FG3D  GRiD/button_AOI Options")): Object: 'Object Repository/Page_FG3D  GRiD/button_AOI Options' is clicked on

2020-09-03 14:22:29 - [MESSAGE][PASSED] - Object: 'Object Repository/Page_FG3D  GRiD/button_AOI Options' is clicked on

2020-09-03 14:22:29 - [TEST_STEP][PASSED] - click(findTestObject("Object Repository/Page_FG3D  GRiD/a_View on map")): Object: 'Object Repository/Page_FG3D  GRiD/a_View on map' is clicked on

2020-09-03 14:22:30 - [MESSAGE][PASSED] - Object: 'Object Repository/Page_FG3D  GRiD/a_View on map' is clicked on

2020-09-03 14:22:30 - [TEST_STEP][PASSED] - switchToWindowTitle("Map – GRiD"): Switched to window with title: 'Map – GRiD'

2020-09-03 14:22:32 - [MESSAGE][PASSED] - Switched to window with title: 'Map – GRiD'

2020-09-03 14:22:32 - [TEST_STEP][PASSED] - click(findTestObject("Page_Map  GRiD/input_Selection area or layers have been mo_90fb99")): Object: 'Object Repository/Page_Map  GRiD/input_Selection area or layers have been mo_90fb99' is clicked on

2020-09-03 14:22:32 - [MESSAGE][PASSED] - Object: 'Object Repository/Page_Map  GRiD/input_Selection area or layers have been mo_90fb99' is clicked on

2020-09-03 14:22:32 - [TEST_STEP][PASSED] - click(findTestObject("Page_Map  GRiD/span_Export")): Object: 'Object Repository/Page_Map  GRiD/span_Export' is clicked on

2020-09-03 14:22:33 - [MESSAGE][PASSED] - Object: 'Object Repository/Page_Map  GRiD/span_Export' is clicked on

2020-09-03 14:22:33 - [TEST_STEP][PASSED] - setText(findTestObject("Page_Map  GRiD/input_Export Name_name"), findTestData("FG3D Test Data").getValue("id_name", row)): Text 'T- FG3D: GeoTiff - GeoTiff - ESRI Shapefile - OpenFlight -1' is set on object 'Object Repository/Page_Map  GRiD/input_Export Name_name'

2020-09-03 14:22:34 - [MESSAGE][PASSED] - Text 'T- FG3D: GeoTiff - GeoTiff - ESRI Shapefile - OpenFlight -1' is set on object 'Object Repository/Page_Map  GRiD/input_Export Name_name'

2020-09-03 14:22:34 - [TEST_STEP][PASSED] - selectOptionByLabel(findTestObject("Page_Map  GRiD/select_GeoTiff  GeoPackage  ERDAS Imagine  --- No Output ---"), findTestData("FG3D Test Data").getValue("id_geoint_imagery", row), true): All options with label 'GeoTiff' are selected in object 'Object Repository/Page_Map  GRiD/select_GeoTiff  GeoPackage  ERDAS Imagine  --- No Output ---'  using regular expression

2020-09-03 14:22:36 - [MESSAGE][PASSED] - All options with label 'GeoTiff' are selected in object 'Object Repository/Page_Map  GRiD/select_GeoTiff  GeoPackage  ERDAS Imagine  --- No Output ---'  using regular expression

2020-09-03 14:22:36 - [TEST_STEP][PASSED] - selectOptionByLabel(findTestObject("Page_Map  GRiD/select_GeoTiff  GeoPackage  DTED  --- No Output ---"), findTestData("FG3D Test Data").getValue("id_geoint_elevation", row), true): All options with label 'GeoTiff' are selected in object 'Object Repository/Page_Map  GRiD/select_GeoTiff  GeoPackage  DTED  --- No Output ---'  using regular expression

2020-09-03 14:22:36 - [MESSAGE][PASSED] - All options with label 'GeoTiff' are selected in object 'Object Repository/Page_Map  GRiD/select_GeoTiff  GeoPackage  DTED  --- No Output ---'  using regular expression

2020-09-03 14:22:36 - [TEST_STEP][PASSED] - selectOptionByLabel(findTestObject("Page_Map  GRiD/select_ESRI Shapefile  GeoPackage  KML  --- No Output ---"), findTestData("FG3D Test Data").getValue("id_geoint_vectors", row), true): All options with label 'ESRI Shapefile' are selected in object 'Object Repository/Page_Map  GRiD/select_ESRI Shapefile  GeoPackage  KML  --- No Output ---'  using regular expression

2020-09-03 14:22:37 - [MESSAGE][PASSED] - All options with label 'ESRI Shapefile' are selected in object 'Object Repository/Page_Map  GRiD/select_ESRI Shapefile  GeoPackage  KML  --- No Output ---'  using regular expression

2020-09-03 14:22:37 - [TEST_STEP][PASSED] - selectOptionByLabel(findTestObject("Page_Map  GRiD/select_OpenFlight  Collada  KMZ  GLB  FBX  _469f7c"), findTestData("FG3D Test Data").getValue("id_geoint_models", row), true): All options with label 'OpenFlight' are selected in object 'Object Repository/Page_Map  GRiD/select_OpenFlight  Collada  KMZ  GLB  FBX  _469f7c'  using regular expression

2020-09-03 14:22:38 - [MESSAGE][PASSED] - All options with label 'OpenFlight' are selected in object 'Object Repository/Page_Map  GRiD/select_OpenFlight  Collada  KMZ  GLB  FBX  _469f7c'  using regular expression

2020-09-03 14:22:38 - [TEST_STEP][PASSED] - click(findTestObject("Page_Map  GRiD/button_Finish")): Object: 'Object Repository/Page_Map  GRiD/button_Finish' is clicked on

2020-09-03 14:22:39 - [MESSAGE][PASSED] - Object: 'Object Repository/Page_Map  GRiD/button_Finish' is clicked on

2020-09-03 14:22:39 - [TEST_STEP][PASSED] - click(findTestObject("Object Repository/Page_FG3D  GRiD/button_AOI Options")): Object: 'Object Repository/Page_FG3D  GRiD/button_AOI Options' is clicked on

2020-09-03 14:22:44 - [MESSAGE][PASSED] - Object: 'Object Repository/Page_FG3D  GRiD/button_AOI Options' is clicked on

2020-09-03 14:22:44 - [TEST_STEP][PASSED] - click(findTestObject("Object Repository/Page_FG3D  GRiD/a_View on map")): Object: 'Object Repository/Page_FG3D  GRiD/a_View on map' is clicked on

2020-09-03 14:22:44 - [MESSAGE][PASSED] - Object: 'Object Repository/Page_FG3D  GRiD/a_View on map' is clicked on

2020-09-03 14:22:44 - [TEST_STEP][PASSED] - switchToWindowTitle("Map – GRiD"): Switched to window with title: 'Map – GRiD'

2020-09-03 14:22:45 - [MESSAGE][PASSED] - Switched to window with title: 'Map – GRiD'

2020-09-03 14:22:45 - [TEST_STEP][PASSED] - click(findTestObject("Page_Map  GRiD/input_Selection area or layers have been mo_90fb99")): Object: 'Object Repository/Page_Map  GRiD/input_Selection area or layers have been mo_90fb99' is clicked on

2020-09-03 14:22:47 - [MESSAGE][PASSED] - Object: 'Object Repository/Page_Map  GRiD/input_Selection area or layers have been mo_90fb99' is clicked on

2020-09-03 14:22:47 - [TEST_STEP][PASSED] - click(findTestObject("Page_Map  GRiD/span_Export")): Object: 'Object Repository/Page_Map  GRiD/span_Export' is clicked on

2020-09-03 14:22:48 - [MESSAGE][PASSED] - Object: 'Object Repository/Page_Map  GRiD/span_Export' is clicked on

2020-09-03 14:22:48 - [TEST_STEP][PASSED] - setText(findTestObject("Page_Map  GRiD/input_Export Name_name"), findTestData("FG3D Test Data").getValue("id_name", row)): Text 'T- FG3D: GeoTiff - GeoTiff - ESRI Shapefile - Collada -1' is set on object 'Object Repository/Page_Map  GRiD/input_Export Name_name'

2020-09-03 14:22:49 - [MESSAGE][PASSED] - Text 'T- FG3D: GeoTiff - GeoTiff - ESRI Shapefile - Collada -1' is set on object 'Object Repository/Page_Map  GRiD/input_Export Name_name'

2020-09-03 14:22:49 - [TEST_STEP][PASSED] - selectOptionByLabel(findTestObject("Page_Map  GRiD/select_GeoTiff  GeoPackage  ERDAS Imagine  --- No Output ---"), findTestData("FG3D Test Data").getValue("id_geoint_imagery", row), true): All options with label 'GeoTiff' are selected in object 'Object Repository/Page_Map  GRiD/select_GeoTiff  GeoPackage  ERDAS Imagine  --- No Output ---'  using regular expression

2020-09-03 14:22:50 - [MESSAGE][PASSED] - All options with label 'GeoTiff' are selected in object 'Object Repository/Page_Map  GRiD/select_GeoTiff  GeoPackage  ERDAS Imagine  --- No Output ---'  using regular expression

2020-09-03 14:22:50 - [TEST_STEP][PASSED] - selectOptionByLabel(findTestObject("Page_Map  GRiD/select_GeoTiff  GeoPackage  DTED  --- No Output ---"), findTestData("FG3D Test Data").getValue("id_geoint_elevation", row), true): All options with label 'GeoTiff' are selected in object 'Object Repository/Page_Map  GRiD/select_GeoTiff  GeoPackage  DTED  --- No Output ---'  using regular expression

2020-09-03 14:22:51 - [MESSAGE][PASSED] - All options with label 'GeoTiff' are selected in object 'Object Repository/Page_Map  GRiD/select_GeoTiff  GeoPackage  DTED  --- No Output ---'  using regular expression

2020-09-03 14:22:51 - [TEST_STEP][PASSED] - selectOptionByLabel(findTestObject("Page_Map  GRiD/select_ESRI Shapefile  GeoPackage  KML  --- No Output ---"), findTestData("FG3D Test Data").getValue("id_geoint_vectors", row), true): All options with label 'ESRI Shapefile' are selected in object 'Object Repository/Page_Map  GRiD/select_ESRI Shapefile  GeoPackage  KML  --- No Output ---'  using regular expression

2020-09-03 14:22:52 - [MESSAGE][PASSED] - All options with label 'ESRI Shapefile' are selected in object 'Object Repository/Page_Map  GRiD/select_ESRI Shapefile  GeoPackage  KML  --- No Output ---'  using regular expression

2020-09-03 14:22:52 - [TEST_STEP][PASSED] - selectOptionByLabel(findTestObject("Page_Map  GRiD/select_OpenFlight  Collada  KMZ  GLB  FBX  _469f7c"), findTestData("FG3D Test Data").getValue("id_geoint_models", row), true): All options with label 'Collada' are selected in object 'Object Repository/Page_Map  GRiD/select_OpenFlight  Collada  KMZ  GLB  FBX  _469f7c'  using regular expression

2020-09-03 14:22:53 - [MESSAGE][PASSED] - All options with label 'Collada' are selected in object 'Object Repository/Page_Map  GRiD/select_OpenFlight  Collada  KMZ  GLB  FBX  _469f7c'  using regular expression

2020-09-03 14:22:53 - [TEST_STEP][PASSED] - click(findTestObject("Page_Map  GRiD/button_Finish")): Object: 'Object Repository/Page_Map  GRiD/button_Finish' is clicked on

2020-09-03 14:22:53 - [MESSAGE][PASSED] - Object: 'Object Repository/Page_Map  GRiD/button_Finish' is clicked on

2020-09-03 14:22:53 - [TEST_STEP][PASSED] - click(findTestObject("Object Repository/Page_FG3D  GRiD/button_AOI Options")): Object: 'Object Repository/Page_FG3D  GRiD/button_AOI Options' is clicked on

2020-09-03 14:22:58 - [MESSAGE][PASSED] - Object: 'Object Repository/Page_FG3D  GRiD/button_AOI Options' is clicked on

2020-09-03 14:22:58 - [TEST_STEP][PASSED] - click(findTestObject("Object Repository/Page_FG3D  GRiD/a_View on map")): Object: 'Object Repository/Page_FG3D  GRiD/a_View on map' is clicked on

2020-09-03 14:22:59 - [MESSAGE][PASSED] - Object: 'Object Repository/Page_FG3D  GRiD/a_View on map' is clicked on

2020-09-03 14:22:59 - [TEST_STEP][PASSED] - switchToWindowTitle("Map – GRiD"): Switched to window with title: 'Map – GRiD'

2020-09-03 14:23:00 - [MESSAGE][PASSED] - Switched to window with title: 'Map – GRiD'

2020-09-03 14:23:00 - [TEST_STEP][PASSED] - click(findTestObject("Page_Map  GRiD/input_Selection area or layers have been mo_90fb99")): Object: 'Object Repository/Page_Map  GRiD/input_Selection area or layers have been mo_90fb99' is clicked on

2020-09-03 14:23:02 - [MESSAGE][PASSED] - Object: 'Object Repository/Page_Map  GRiD/input_Selection area or layers have been mo_90fb99' is clicked on

2020-09-03 14:23:02 - [TEST_STEP][PASSED] - click(findTestObject("Page_Map  GRiD/span_Export")): Object: 'Object Repository/Page_Map  GRiD/span_Export' is clicked on

2020-09-03 14:23:03 - [MESSAGE][PASSED] - Object: 'Object Repository/Page_Map  GRiD/span_Export' is clicked on

2020-09-03 14:23:03 - [TEST_STEP][PASSED] - setText(findTestObject("Page_Map  GRiD/input_Export Name_name"), findTestData("FG3D Test Data").getValue("id_name", row)): Text 'T- FG3D: GeoTiff - GeoTiff - ESRI Shapefile - KMZ -1' is set on object 'Object Repository/Page_Map  GRiD/input_Export Name_name'

2020-09-03 14:23:04 - [MESSAGE][PASSED] - Text 'T- FG3D: GeoTiff - GeoTiff - ESRI Shapefile - KMZ -1' is set on object 'Object Repository/Page_Map  GRiD/input_Export Name_name'

2020-09-03 14:23:04 - [TEST_STEP][PASSED] - selectOptionByLabel(findTestObject("Page_Map  GRiD/select_GeoTiff  GeoPackage  ERDAS Imagine  --- No Output ---"), findTestData("FG3D Test Data").getValue("id_geoint_imagery", row), true): All options with label 'GeoTiff' are selected in object 'Object Repository/Page_Map  GRiD/select_GeoTiff  GeoPackage  ERDAS Imagine  --- No Output ---'  using regular expression

2020-09-03 14:23:05 - [MESSAGE][PASSED] - All options with label 'GeoTiff' are selected in object 'Object Repository/Page_Map  GRiD/select_GeoTiff  GeoPackage  ERDAS Imagine  --- No Output ---'  using regular expression

2020-09-03 14:23:05 - [TEST_STEP][PASSED] - selectOptionByLabel(findTestObject("Page_Map  GRiD/select_GeoTiff  GeoPackage  DTED  --- No Output ---"), findTestData("FG3D Test Data").getValue("id_geoint_elevation", row), true): All options with label 'GeoTiff' are selected in object 'Object Repository/Page_Map  GRiD/select_GeoTiff  GeoPackage  DTED  --- No Output ---'  using regular expression

2020-09-03 14:23:06 - [MESSAGE][PASSED] - All options with label 'GeoTiff' are selected in object 'Object Repository/Page_Map  GRiD/select_GeoTiff  GeoPackage  DTED  --- No Output ---'  using regular expression

2020-09-03 14:23:06 - [TEST_STEP][PASSED] - selectOptionByLabel(findTestObject("Page_Map  GRiD/select_ESRI Shapefile  GeoPackage  KML  --- No Output ---"), findTestData("FG3D Test Data").getValue("id_geoint_vectors", row), true): All options with label 'ESRI Shapefile' are selected in object 'Object Repository/Page_Map  GRiD/select_ESRI Shapefile  GeoPackage  KML  --- No Output ---'  using regular expression

2020-09-03 14:23:07 - [MESSAGE][PASSED] - All options with label 'ESRI Shapefile' are selected in object 'Object Repository/Page_Map  GRiD/select_ESRI Shapefile  GeoPackage  KML  --- No Output ---'  using regular expression

2020-09-03 14:23:07 - [TEST_STEP][PASSED] - selectOptionByLabel(findTestObject("Page_Map  GRiD/select_OpenFlight  Collada  KMZ  GLB  FBX  _469f7c"), findTestData("FG3D Test Data").getValue("id_geoint_models", row), true): All options with label 'KMZ' are selected in object 'Object Repository/Page_Map  GRiD/select_OpenFlight  Collada  KMZ  GLB  FBX  _469f7c'  using regular expression

2020-09-03 14:23:08 - [MESSAGE][PASSED] - All options with label 'KMZ' are selected in object 'Object Repository/Page_Map  GRiD/select_OpenFlight  Collada  KMZ  GLB  FBX  _469f7c'  using regular expression

2020-09-03 14:23:08 - [TEST_STEP][PASSED] - click(findTestObject("Page_Map  GRiD/button_Finish")): Object: 'Object Repository/Page_Map  GRiD/button_Finish' is clicked on

2020-09-03 14:23:09 - [MESSAGE][PASSED] - Object: 'Object Repository/Page_Map  GRiD/button_Finish' is clicked on

2020-09-03 14:23:09 - [TEST_STEP][PASSED] - click(findTestObject("Object Repository/Page_FG3D  GRiD/button_AOI Options")): Object: 'Object Repository/Page_FG3D  GRiD/button_AOI Options' is clicked on

2020-09-03 14:23:14 - [MESSAGE][PASSED] - Object: 'Object Repository/Page_FG3D  GRiD/button_AOI Options' is clicked on

2020-09-03 14:23:14 - [TEST_STEP][PASSED] - click(findTestObject("Object Repository/Page_FG3D  GRiD/a_View on map")): Object: 'Object Repository/Page_FG3D  GRiD/a_View on map' is clicked on

2020-09-03 14:23:15 - [MESSAGE][PASSED] - Object: 'Object Repository/Page_FG3D  GRiD/a_View on map' is clicked on

2020-09-03 14:23:15 - [TEST_STEP][PASSED] - switchToWindowTitle("Map – GRiD"): Switched to window with title: 'Map – GRiD'

2020-09-03 14:23:16 - [MESSAGE][PASSED] - Switched to window with title: 'Map – GRiD'

2020-09-03 14:23:16 - [TEST_STEP][PASSED] - click(findTestObject("Page_Map  GRiD/input_Selection area or layers have been mo_90fb99")): Object: 'Object Repository/Page_Map  GRiD/input_Selection area or layers have been mo_90fb99' is clicked on

2020-09-03 14:23:17 - [MESSAGE][PASSED] - Object: 'Object Repository/Page_Map  GRiD/input_Selection area or layers have been mo_90fb99' is clicked on

2020-09-03 14:23:17 - [TEST_STEP][PASSED] - click(findTestObject("Page_Map  GRiD/span_Export")): Object: 'Object Repository/Page_Map  GRiD/span_Export' is clicked on

2020-09-03 14:23:18 - [MESSAGE][PASSED] - Object: 'Object Repository/Page_Map  GRiD/span_Export' is clicked on

2020-09-03 14:23:18 - [TEST_STEP][PASSED] - setText(findTestObject("Page_Map  GRiD/input_Export Name_name"), findTestData("FG3D Test Data").getValue("id_name", row)): Text 'T- FG3D: GeoTiff - GeoTiff - ESRI Shapefile - GLB -1' is set on object 'Object Repository/Page_Map  GRiD/input_Export Name_name'

2020-09-03 14:23:20 - [MESSAGE][PASSED] - Text 'T- FG3D: GeoTiff - GeoTiff - ESRI Shapefile - GLB -1' is set on object 'Object Repository/Page_Map  GRiD/input_Export Name_name'

2020-09-03 14:23:20 - [TEST_STEP][PASSED] - selectOptionByLabel(findTestObject("Page_Map  GRiD/select_GeoTiff  GeoPackage  ERDAS Imagine  --- No Output ---"), findTestData("FG3D Test Data").getValue("id_geoint_imagery", row), true): All options with label 'GeoTiff' are selected in object 'Object Repository/Page_Map  GRiD/select_GeoTiff  GeoPackage  ERDAS Imagine  --- No Output ---'  using regular expression

2020-09-03 14:23:21 - [MESSAGE][PASSED] - All options with label 'GeoTiff' are selected in object 'Object Repository/Page_Map  GRiD/select_GeoTiff  GeoPackage  ERDAS Imagine  --- No Output ---'  using regular expression

2020-09-03 14:23:21 - [TEST_STEP][PASSED] - selectOptionByLabel(findTestObject("Page_Map  GRiD/select_GeoTiff  GeoPackage  DTED  --- No Output ---"), findTestData("FG3D Test Data").getValue("id_geoint_elevation", row), true): All options with label 'GeoTiff' are selected in object 'Object Repository/Page_Map  GRiD/select_GeoTiff  GeoPackage  DTED  --- No Output ---'  using regular expression

2020-09-03 14:23:22 - [MESSAGE][PASSED] - All options with label 'GeoTiff' are selected in object 'Object Repository/Page_Map  GRiD/select_GeoTiff  GeoPackage  DTED  --- No Output ---'  using regular expression

2020-09-03 14:23:22 - [TEST_STEP][PASSED] - selectOptionByLabel(findTestObject("Page_Map  GRiD/select_ESRI Shapefile  GeoPackage  KML  --- No Output ---"), findTestData("FG3D Test Data").getValue("id_geoint_vectors", row), true): All options with label 'ESRI Shapefile' are selected in object 'Object Repository/Page_Map  GRiD/select_ESRI Shapefile  GeoPackage  KML  --- No Output ---'  using regular expression

2020-09-03 14:23:22 - [MESSAGE][PASSED] - All options with label 'ESRI Shapefile' are selected in object 'Object Repository/Page_Map  GRiD/select_ESRI Shapefile  GeoPackage  KML  --- No Output ---'  using regular expression

2020-09-03 14:23:22 - [TEST_STEP][PASSED] - selectOptionByLabel(findTestObject("Page_Map  GRiD/select_OpenFlight  Collada  KMZ  GLB  FBX  _469f7c"), findTestData("FG3D Test Data").getValue("id_geoint_models", row), true): All options with label 'GLB' are selected in object 'Object Repository/Page_Map  GRiD/select_OpenFlight  Collada  KMZ  GLB  FBX  _469f7c'  using regular expression

2020-09-03 14:23:23 - [MESSAGE][PASSED] - All options with label 'GLB' are selected in object 'Object Repository/Page_Map  GRiD/select_OpenFlight  Collada  KMZ  GLB  FBX  _469f7c'  using regular expression

2020-09-03 14:23:23 - [TEST_STEP][PASSED] - click(findTestObject("Page_Map  GRiD/button_Finish")): Object: 'Object Repository/Page_Map  GRiD/button_Finish' is clicked on

2020-09-03 14:23:24 - [MESSAGE][PASSED] - Object: 'Object Repository/Page_Map  GRiD/button_Finish' is clicked on

2020-09-03 14:23:24 - [TEST_STEP][PASSED] - click(findTestObject("Object Repository/Page_FG3D  GRiD/button_AOI Options")): Object: 'Object Repository/Page_FG3D  GRiD/button_AOI Options' is clicked on

2020-09-03 14:23:29 - [MESSAGE][PASSED] - Object: 'Object Repository/Page_FG3D  GRiD/button_AOI Options' is clicked on

2020-09-03 14:23:29 - [TEST_STEP][PASSED] - click(findTestObject("Object Repository/Page_FG3D  GRiD/a_View on map")): Object: 'Object Repository/Page_FG3D  GRiD/a_View on map' is clicked on

2020-09-03 14:23:30 - [MESSAGE][PASSED] - Object: 'Object Repository/Page_FG3D  GRiD/a_View on map' is clicked on

2020-09-03 14:23:30 - [TEST_STEP][PASSED] - switchToWindowTitle("Map – GRiD"): Switched to window with title: 'Map – GRiD'

2020-09-03 14:23:30 - [MESSAGE][PASSED] - Switched to window with title: 'Map – GRiD'

2020-09-03 14:23:30 - [TEST_STEP][PASSED] - click(findTestObject("Page_Map  GRiD/input_Selection area or layers have been mo_90fb99")): Object: 'Object Repository/Page_Map  GRiD/input_Selection area or layers have been mo_90fb99' is clicked on

2020-09-03 14:23:32 - [MESSAGE][PASSED] - Object: 'Object Repository/Page_Map  GRiD/input_Selection area or layers have been mo_90fb99' is clicked on

2020-09-03 14:23:32 - [TEST_STEP][PASSED] - click(findTestObject("Page_Map  GRiD/span_Export")): Object: 'Object Repository/Page_Map  GRiD/span_Export' is clicked on

2020-09-03 14:23:33 - [MESSAGE][PASSED] - Object: 'Object Repository/Page_Map  GRiD/span_Export' is clicked on

2020-09-03 14:23:33 - [TEST_STEP][PASSED] - setText(findTestObject("Page_Map  GRiD/input_Export Name_name"), findTestData("FG3D Test Data").getValue("id_name", row)): Text 'T- FG3D: GeoTiff - GeoTiff - ESRI Shapefile - FBX -1' is set on object 'Object Repository/Page_Map  GRiD/input_Export Name_name'

2020-09-03 14:23:34 - [MESSAGE][PASSED] - Text 'T- FG3D: GeoTiff - GeoTiff - ESRI Shapefile - FBX -1' is set on object 'Object Repository/Page_Map  GRiD/input_Export Name_name'

2020-09-03 14:23:34 - [TEST_STEP][PASSED] - selectOptionByLabel(findTestObject("Page_Map  GRiD/select_GeoTiff  GeoPackage  ERDAS Imagine  --- No Output ---"), findTestData("FG3D Test Data").getValue("id_geoint_imagery", row), true): All options with label 'GeoTiff' are selected in object 'Object Repository/Page_Map  GRiD/select_GeoTiff  GeoPackage  ERDAS Imagine  --- No Output ---'  using regular expression

2020-09-03 14:23:35 - [MESSAGE][PASSED] - All options with label 'GeoTiff' are selected in object 'Object Repository/Page_Map  GRiD/select_GeoTiff  GeoPackage  ERDAS Imagine  --- No Output ---'  using regular expression

2020-09-03 14:23:35 - [TEST_STEP][PASSED] - selectOptionByLabel(findTestObject("Page_Map  GRiD/select_GeoTiff  GeoPackage  DTED  --- No Output ---"), findTestData("FG3D Test Data").getValue("id_geoint_elevation", row), true): All options with label 'GeoTiff' are selected in object 'Object Repository/Page_Map  GRiD/select_GeoTiff  GeoPackage  DTED  --- No Output ---'  using regular expression

2020-09-03 14:23:36 - [MESSAGE][PASSED] - All options with label 'GeoTiff' are selected in object 'Object Repository/Page_Map  GRiD/select_GeoTiff  GeoPackage  DTED  --- No Output ---'  using regular expression

2020-09-03 14:23:36 - [TEST_STEP][PASSED] - selectOptionByLabel(findTestObject("Page_Map  GRiD/select_ESRI Shapefile  GeoPackage  KML  --- No Output ---"), findTestData("FG3D Test Data").getValue("id_geoint_vectors", row), true): All options with label 'ESRI Shapefile' are selected in object 'Object Repository/Page_Map  GRiD/select_ESRI Shapefile  GeoPackage  KML  --- No Output ---'  using regular expression

2020-09-03 14:23:37 - [MESSAGE][PASSED] - All options with label 'ESRI Shapefile' are selected in object 'Object Repository/Page_Map  GRiD/select_ESRI Shapefile  GeoPackage  KML  --- No Output ---'  using regular expression

2020-09-03 14:23:37 - [TEST_STEP][PASSED] - selectOptionByLabel(findTestObject("Page_Map  GRiD/select_OpenFlight  Collada  KMZ  GLB  FBX  _469f7c"), findTestData("FG3D Test Data").getValue("id_geoint_models", row), true): All options with label 'FBX' are selected in object 'Object Repository/Page_Map  GRiD/select_OpenFlight  Collada  KMZ  GLB  FBX  _469f7c'  using regular expression

2020-09-03 14:23:38 - [MESSAGE][PASSED] - All options with label 'FBX' are selected in object 'Object Repository/Page_Map  GRiD/select_OpenFlight  Collada  KMZ  GLB  FBX  _469f7c'  using regular expression

2020-09-03 14:23:38 - [TEST_STEP][PASSED] - click(findTestObject("Page_Map  GRiD/button_Finish")): Object: 'Object Repository/Page_Map  GRiD/button_Finish' is clicked on

2020-09-03 14:23:38 - [MESSAGE][PASSED] - Object: 'Object Repository/Page_Map  GRiD/button_Finish' is clicked on

2020-09-03 14:23:38 - [TEST_STEP][PASSED] - click(findTestObject("Object Repository/Page_FG3D  GRiD/button_AOI Options")): Object: 'Object Repository/Page_FG3D  GRiD/button_AOI Options' is clicked on

2020-09-03 14:23:43 - [MESSAGE][PASSED] - Object: 'Object Repository/Page_FG3D  GRiD/button_AOI Options' is clicked on

2020-09-03 14:23:43 - [TEST_STEP][PASSED] - click(findTestObject("Object Repository/Page_FG3D  GRiD/a_View on map")): Object: 'Object Repository/Page_FG3D  GRiD/a_View on map' is clicked on

2020-09-03 14:23:44 - [MESSAGE][PASSED] - Object: 'Object Repository/Page_FG3D  GRiD/a_View on map' is clicked on

2020-09-03 14:23:44 - [TEST_STEP][PASSED] - switchToWindowTitle("Map – GRiD"): Switched to window with title: 'Map – GRiD'

2020-09-03 14:23:44 - [MESSAGE][PASSED] - Switched to window with title: 'Map – GRiD'

2020-09-03 14:23:44 - [TEST_STEP][PASSED] - click(findTestObject("Page_Map  GRiD/input_Selection area or layers have been mo_90fb99")): Object: 'Object Repository/Page_Map  GRiD/input_Selection area or layers have been mo_90fb99' is clicked on

2020-09-03 14:23:46 - [MESSAGE][PASSED] - Object: 'Object Repository/Page_Map  GRiD/input_Selection area or layers have been mo_90fb99' is clicked on

2020-09-03 14:23:46 - [TEST_STEP][PASSED] - click(findTestObject("Page_Map  GRiD/span_Export")): Object: 'Object Repository/Page_Map  GRiD/span_Export' is clicked on

2020-09-03 14:23:47 - [MESSAGE][PASSED] - Object: 'Object Repository/Page_Map  GRiD/span_Export' is clicked on

2020-09-03 14:23:47 - [TEST_STEP][PASSED] - setText(findTestObject("Page_Map  GRiD/input_Export Name_name"), findTestData("FG3D Test Data").getValue("id_name", row)): Text 'T- FG3D: GeoTiff - GeoTiff - ESRI Shapefile - OBJ -1' is set on object 'Object Repository/Page_Map  GRiD/input_Export Name_name'

2020-09-03 14:23:48 - [MESSAGE][PASSED] - Text 'T- FG3D: GeoTiff - GeoTiff - ESRI Shapefile - OBJ -1' is set on object 'Object Repository/Page_Map  GRiD/input_Export Name_name'

2020-09-03 14:23:48 - [TEST_STEP][PASSED] - selectOptionByLabel(findTestObject("Page_Map  GRiD/select_GeoTiff  GeoPackage  ERDAS Imagine  --- No Output ---"), findTestData("FG3D Test Data").getValue("id_geoint_imagery", row), true): All options with label 'GeoTiff' are selected in object 'Object Repository/Page_Map  GRiD/select_GeoTiff  GeoPackage  ERDAS Imagine  --- No Output ---'  using regular expression

2020-09-03 14:23:49 - [MESSAGE][PASSED] - All options with label 'GeoTiff' are selected in object 'Object Repository/Page_Map  GRiD/select_GeoTiff  GeoPackage  ERDAS Imagine  --- No Output ---'  using regular expression

2020-09-03 14:23:49 - [TEST_STEP][PASSED] - selectOptionByLabel(findTestObject("Page_Map  GRiD/select_GeoTiff  GeoPackage  DTED  --- No Output ---"), findTestData("FG3D Test Data").getValue("id_geoint_elevation", row), true): All options with label 'GeoTiff' are selected in object 'Object Repository/Page_Map  GRiD/select_GeoTiff  GeoPackage  DTED  --- No Output ---'  using regular expression

2020-09-03 14:23:50 - [MESSAGE][PASSED] - All options with label 'GeoTiff' are selected in object 'Object Repository/Page_Map  GRiD/select_GeoTiff  GeoPackage  DTED  --- No Output ---'  using regular expression

2020-09-03 14:23:50 - [TEST_STEP][PASSED] - selectOptionByLabel(findTestObject("Page_Map  GRiD/select_ESRI Shapefile  GeoPackage  KML  --- No Output ---"), findTestData("FG3D Test Data").getValue("id_geoint_vectors", row), true): All options with label 'ESRI Shapefile' are selected in object 'Object Repository/Page_Map  GRiD/select_ESRI Shapefile  GeoPackage  KML  --- No Output ---'  using regular expression

2020-09-03 14:23:51 - [MESSAGE][PASSED] - All options with label 'ESRI Shapefile' are selected in object 'Object Repository/Page_Map  GRiD/select_ESRI Shapefile  GeoPackage  KML  --- No Output ---'  using regular expression

2020-09-03 14:23:51 - [TEST_STEP][PASSED] - selectOptionByLabel(findTestObject("Page_Map  GRiD/select_OpenFlight  Collada  KMZ  GLB  FBX  _469f7c"), findTestData("FG3D Test Data").getValue("id_geoint_models", row), true): All options with label 'OBJ' are selected in object 'Object Repository/Page_Map  GRiD/select_OpenFlight  Collada  KMZ  GLB  FBX  _469f7c'  using regular expression

2020-09-03 14:23:52 - [MESSAGE][PASSED] - All options with label 'OBJ' are selected in object 'Object Repository/Page_Map  GRiD/select_OpenFlight  Collada  KMZ  GLB  FBX  _469f7c'  using regular expression

2020-09-03 14:23:52 - [TEST_STEP][PASSED] - click(findTestObject("Page_Map  GRiD/button_Finish")): Object: 'Object Repository/Page_Map  GRiD/button_Finish' is clicked on

2020-09-03 14:23:52 - [MESSAGE][PASSED] - Object: 'Object Repository/Page_Map  GRiD/button_Finish' is clicked on

2020-09-03 14:23:52 - [TEST_STEP][PASSED] - click(findTestObject("Object Repository/Page_FG3D  GRiD/button_AOI Options")): Object: 'Object Repository/Page_FG3D  GRiD/button_AOI Options' is clicked on

2020-09-03 14:23:58 - [MESSAGE][PASSED] - Object: 'Object Repository/Page_FG3D  GRiD/button_AOI Options' is clicked on

2020-09-03 14:23:58 - [TEST_STEP][PASSED] - click(findTestObject("Object Repository/Page_FG3D  GRiD/a_View on map")): Object: 'Object Repository/Page_FG3D  GRiD/a_View on map' is clicked on

2020-09-03 14:23:59 - [MESSAGE][PASSED] - Object: 'Object Repository/Page_FG3D  GRiD/a_View on map' is clicked on

2020-09-03 14:23:59 - [TEST_STEP][PASSED] - switchToWindowTitle("Map – GRiD"): Switched to window with title: 'Map – GRiD'

2020-09-03 14:23:59 - [MESSAGE][PASSED] - Switched to window with title: 'Map – GRiD'

2020-09-03 14:23:59 - [TEST_STEP][PASSED] - click(findTestObject("Page_Map  GRiD/input_Selection area or layers have been mo_90fb99")): Object: 'Object Repository/Page_Map  GRiD/input_Selection area or layers have been mo_90fb99' is clicked on

2020-09-03 14:24:01 - [MESSAGE][PASSED] - Object: 'Object Repository/Page_Map  GRiD/input_Selection area or layers have been mo_90fb99' is clicked on

2020-09-03 14:24:01 - [TEST_STEP][PASSED] - click(findTestObject("Page_Map  GRiD/span_Export")): Object: 'Object Repository/Page_Map  GRiD/span_Export' is clicked on

2020-09-03 14:24:02 - [MESSAGE][PASSED] - Object: 'Object Repository/Page_Map  GRiD/span_Export' is clicked on

2020-09-03 14:24:02 - [TEST_STEP][PASSED] - setText(findTestObject("Page_Map  GRiD/input_Export Name_name"), findTestData("FG3D Test Data").getValue("id_name", row)): Text 'T- FG3D: GeoTiff - GeoTiff - ESRI Shapefile - --- No Output --- -1' is set on object 'Object Repository/Page_Map  GRiD/input_Export Name_name'

2020-09-03 14:24:03 - [MESSAGE][PASSED] - Text 'T- FG3D: GeoTiff - GeoTiff - ESRI Shapefile - --- No Output --- -1' is set on object 'Object Repository/Page_Map  GRiD/input_Export Name_name'

2020-09-03 14:24:03 - [TEST_STEP][PASSED] - selectOptionByLabel(findTestObject("Page_Map  GRiD/select_GeoTiff  GeoPackage  ERDAS Imagine  --- No Output ---"), findTestData("FG3D Test Data").getValue("id_geoint_imagery", row), true): All options with label 'GeoTiff' are selected in object 'Object Repository/Page_Map  GRiD/select_GeoTiff  GeoPackage  ERDAS Imagine  --- No Output ---'  using regular expression

2020-09-03 14:24:04 - [MESSAGE][PASSED] - All options with label 'GeoTiff' are selected in object 'Object Repository/Page_Map  GRiD/select_GeoTiff  GeoPackage  ERDAS Imagine  --- No Output ---'  using regular expression

2020-09-03 14:24:04 - [TEST_STEP][PASSED] - selectOptionByLabel(findTestObject("Page_Map  GRiD/select_GeoTiff  GeoPackage  DTED  --- No Output ---"), findTestData("FG3D Test Data").getValue("id_geoint_elevation", row), true): All options with label 'GeoTiff' are selected in object 'Object Repository/Page_Map  GRiD/select_GeoTiff  GeoPackage  DTED  --- No Output ---'  using regular expression

2020-09-03 14:24:05 - [MESSAGE][PASSED] - All options with label 'GeoTiff' are selected in object 'Object Repository/Page_Map  GRiD/select_GeoTiff  GeoPackage  DTED  --- No Output ---'  using regular expression

2020-09-03 14:24:05 - [TEST_STEP][PASSED] - selectOptionByLabel(findTestObject("Page_Map  GRiD/select_ESRI Shapefile  GeoPackage  KML  --- No Output ---"), findTestData("FG3D Test Data").getValue("id_geoint_vectors", row), true): All options with label 'ESRI Shapefile' are selected in object 'Object Repository/Page_Map  GRiD/select_ESRI Shapefile  GeoPackage  KML  --- No Output ---'  using regular expression

2020-09-03 14:24:06 - [MESSAGE][PASSED] - All options with label 'ESRI Shapefile' are selected in object 'Object Repository/Page_Map  GRiD/select_ESRI Shapefile  GeoPackage  KML  --- No Output ---'  using regular expression

2020-09-03 14:24:06 - [TEST_STEP][PASSED] - selectOptionByLabel(findTestObject("Page_Map  GRiD/select_OpenFlight  Collada  KMZ  GLB  FBX  _469f7c"), findTestData("FG3D Test Data").getValue("id_geoint_models", row), true): All options with label '--- No Output ---' are selected in object 'Object Repository/Page_Map  GRiD/select_OpenFlight  Collada  KMZ  GLB  FBX  _469f7c'  using regular expression

2020-09-03 14:24:07 - [MESSAGE][PASSED] - All options with label '--- No Output ---' are selected in object 'Object Repository/Page_Map  GRiD/select_OpenFlight  Collada  KMZ  GLB  FBX  _469f7c'  using regular expression

2020-09-03 14:24:07 - [TEST_STEP][PASSED] - click(findTestObject("Page_Map  GRiD/button_Finish")): Object: 'Object Repository/Page_Map  GRiD/button_Finish' is clicked on

2020-09-03 14:24:08 - [MESSAGE][PASSED] - Object: 'Object Repository/Page_Map  GRiD/button_Finish' is clicked on

2020-09-03 14:24:08 - [TEST_STEP][PASSED] - click(findTestObject("Object Repository/Page_FG3D  GRiD/button_AOI Options")): Object: 'Object Repository/Page_FG3D  GRiD/button_AOI Options' is clicked on

2020-09-03 14:24:13 - [MESSAGE][PASSED] - Object: 'Object Repository/Page_FG3D  GRiD/button_AOI Options' is clicked on

2020-09-03 14:24:13 - [TEST_STEP][PASSED] - click(findTestObject("Object Repository/Page_FG3D  GRiD/a_View on map")): Object: 'Object Repository/Page_FG3D  GRiD/a_View on map' is clicked on

2020-09-03 14:24:13 - [MESSAGE][PASSED] - Object: 'Object Repository/Page_FG3D  GRiD/a_View on map' is clicked on

2020-09-03 14:24:13 - [TEST_STEP][PASSED] - switchToWindowTitle("Map – GRiD"): Switched to window with title: 'Map – GRiD'

2020-09-03 14:24:14 - [MESSAGE][PASSED] - Switched to window with title: 'Map – GRiD'

2020-09-03 14:24:14 - [TEST_STEP][PASSED] - click(findTestObject("Page_Map  GRiD/input_Selection area or layers have been mo_90fb99")): Object: 'Object Repository/Page_Map  GRiD/input_Selection area or layers have been mo_90fb99' is clicked on

2020-09-03 14:24:16 - [MESSAGE][PASSED] - Object: 'Object Repository/Page_Map  GRiD/input_Selection area or layers have been mo_90fb99' is clicked on

2020-09-03 14:24:16 - [TEST_STEP][PASSED] - click(findTestObject("Page_Map  GRiD/span_Export")): Object: 'Object Repository/Page_Map  GRiD/span_Export' is clicked on

2020-09-03 14:24:17 - [MESSAGE][PASSED] - Object: 'Object Repository/Page_Map  GRiD/span_Export' is clicked on

2020-09-03 14:24:17 - [TEST_STEP][PASSED] - setText(findTestObject("Page_Map  GRiD/input_Export Name_name"), findTestData("FG3D Test Data").getValue("id_name", row)): Text 'T- FG3D: GeoTiff - GeoTiff - GeoPackage - OpenFlight -1' is set on object 'Object Repository/Page_Map  GRiD/input_Export Name_name'

2020-09-03 14:24:18 - [MESSAGE][PASSED] - Text 'T- FG3D: GeoTiff - GeoTiff - GeoPackage - OpenFlight -1' is set on object 'Object Repository/Page_Map  GRiD/input_Export Name_name'

2020-09-03 14:24:18 - [TEST_STEP][PASSED] - selectOptionByLabel(findTestObject("Page_Map  GRiD/select_GeoTiff  GeoPackage  ERDAS Imagine  --- No Output ---"), findTestData("FG3D Test Data").getValue("id_geoint_imagery", row), true): All options with label 'GeoTiff' are selected in object 'Object Repository/Page_Map  GRiD/select_GeoTiff  GeoPackage  ERDAS Imagine  --- No Output ---'  using regular expression

2020-09-03 14:24:19 - [MESSAGE][PASSED] - All options with label 'GeoTiff' are selected in object 'Object Repository/Page_Map  GRiD/select_GeoTiff  GeoPackage  ERDAS Imagine  --- No Output ---'  using regular expression

2020-09-03 14:24:19 - [TEST_STEP][PASSED] - selectOptionByLabel(findTestObject("Page_Map  GRiD/select_GeoTiff  GeoPackage  DTED  --- No Output ---"), findTestData("FG3D Test Data").getValue("id_geoint_elevation", row), true): All options with label 'GeoTiff' are selected in object 'Object Repository/Page_Map  GRiD/select_GeoTiff  GeoPackage  DTED  --- No Output ---'  using regular expression

2020-09-03 14:24:20 - [MESSAGE][PASSED] - All options with label 'GeoTiff' are selected in object 'Object Repository/Page_Map  GRiD/select_GeoTiff  GeoPackage  DTED  --- No Output ---'  using regular expression

2020-09-03 14:24:20 - [TEST_STEP][PASSED] - selectOptionByLabel(findTestObject("Page_Map  GRiD/select_ESRI Shapefile  GeoPackage  KML  --- No Output ---"), findTestData("FG3D Test Data").getValue("id_geoint_vectors", row), true): All options with label 'GeoPackage' are selected in object 'Object Repository/Page_Map  GRiD/select_ESRI Shapefile  GeoPackage  KML  --- No Output ---'  using regular expression

2020-09-03 14:24:21 - [MESSAGE][PASSED] - All options with label 'GeoPackage' are selected in object 'Object Repository/Page_Map  GRiD/select_ESRI Shapefile  GeoPackage  KML  --- No Output ---'  using regular expression

2020-09-03 14:24:21 - [TEST_STEP][PASSED] - selectOptionByLabel(findTestObject("Page_Map  GRiD/select_OpenFlight  Collada  KMZ  GLB  FBX  _469f7c"), findTestData("FG3D Test Data").getValue("id_geoint_models", row), true): All options with label 'OpenFlight' are selected in object 'Object Repository/Page_Map  GRiD/select_OpenFlight  Collada  KMZ  GLB  FBX  _469f7c'  using regular expression

2020-09-03 14:24:22 - [MESSAGE][PASSED] - All options with label 'OpenFlight' are selected in object 'Object Repository/Page_Map  GRiD/select_OpenFlight  Collada  KMZ  GLB  FBX  _469f7c'  using regular expression

2020-09-03 14:24:22 - [TEST_STEP][PASSED] - click(findTestObject("Page_Map  GRiD/button_Finish")): Object: 'Object Repository/Page_Map  GRiD/button_Finish' is clicked on

2020-09-03 14:24:22 - [MESSAGE][PASSED] - Object: 'Object Repository/Page_Map  GRiD/button_Finish' is clicked on

2020-09-03 14:24:22 - [TEST_STEP][PASSED] - click(findTestObject("Object Repository/Page_FG3D  GRiD/button_AOI Options")): Object: 'Object Repository/Page_FG3D  GRiD/button_AOI Options' is clicked on

2020-09-03 14:24:28 - [MESSAGE][PASSED] - Object: 'Object Repository/Page_FG3D  GRiD/button_AOI Options' is clicked on

2020-09-03 14:24:28 - [TEST_STEP][PASSED] - click(findTestObject("Object Repository/Page_FG3D  GRiD/a_View on map")): Object: 'Object Repository/Page_FG3D  GRiD/a_View on map' is clicked on

2020-09-03 14:24:28 - [MESSAGE][PASSED] - Object: 'Object Repository/Page_FG3D  GRiD/a_View on map' is clicked on

2020-09-03 14:24:28 - [TEST_STEP][PASSED] - switchToWindowTitle("Map – GRiD"): Switched to window with title: 'Map – GRiD'

2020-09-03 14:24:29 - [MESSAGE][PASSED] - Switched to window with title: 'Map – GRiD'

2020-09-03 14:24:29 - [TEST_STEP][PASSED] - click(findTestObject("Page_Map  GRiD/input_Selection area or layers have been mo_90fb99")): Object: 'Object Repository/Page_Map  GRiD/input_Selection area or layers have been mo_90fb99' is clicked on

2020-09-03 14:24:30 - [MESSAGE][PASSED] - Object: 'Object Repository/Page_Map  GRiD/input_Selection area or layers have been mo_90fb99' is clicked on

2020-09-03 14:24:30 - [TEST_STEP][PASSED] - click(findTestObject("Page_Map  GRiD/span_Export")): Object: 'Object Repository/Page_Map  GRiD/span_Export' is clicked on

2020-09-03 14:24:31 - [MESSAGE][PASSED] - Object: 'Object Repository/Page_Map  GRiD/span_Export' is clicked on

2020-09-03 14:24:31 - [TEST_STEP][PASSED] - setText(findTestObject("Page_Map  GRiD/input_Export Name_name"), findTestData("FG3D Test Data").getValue("id_name", row)): Text 'T- FG3D: GeoTiff - GeoTiff - GeoPackage - Collada -1' is set on object 'Object Repository/Page_Map  GRiD/input_Export Name_name'

2020-09-03 14:24:32 - [MESSAGE][PASSED] - Text 'T- FG3D: GeoTiff - GeoTiff - GeoPackage - Collada -1' is set on object 'Object Repository/Page_Map  GRiD/input_Export Name_name'

2020-09-03 14:24:32 - [TEST_STEP][PASSED] - selectOptionByLabel(findTestObject("Page_Map  GRiD/select_GeoTiff  GeoPackage  ERDAS Imagine  --- No Output ---"), findTestData("FG3D Test Data").getValue("id_geoint_imagery", row), true): All options with label 'GeoTiff' are selected in object 'Object Repository/Page_Map  GRiD/select_GeoTiff  GeoPackage  ERDAS Imagine  --- No Output ---'  using regular expression

2020-09-03 14:24:33 - [MESSAGE][PASSED] - All options with label 'GeoTiff' are selected in object 'Object Repository/Page_Map  GRiD/select_GeoTiff  GeoPackage  ERDAS Imagine  --- No Output ---'  using regular expression

2020-09-03 14:24:33 - [TEST_STEP][PASSED] - selectOptionByLabel(findTestObject("Page_Map  GRiD/select_GeoTiff  GeoPackage  DTED  --- No Output ---"), findTestData("FG3D Test Data").getValue("id_geoint_elevation", row), true): All options with label 'GeoTiff' are selected in object 'Object Repository/Page_Map  GRiD/select_GeoTiff  GeoPackage  DTED  --- No Output ---'  using regular expression

2020-09-03 14:24:34 - [MESSAGE][PASSED] - All options with label 'GeoTiff' are selected in object 'Object Repository/Page_Map  GRiD/select_GeoTiff  GeoPackage  DTED  --- No Output ---'  using regular expression

2020-09-03 14:24:34 - [TEST_STEP][PASSED] - selectOptionByLabel(findTestObject("Page_Map  GRiD/select_ESRI Shapefile  GeoPackage  KML  --- No Output ---"), findTestData("FG3D Test Data").getValue("id_geoint_vectors", row), true): All options with label 'GeoPackage' are selected in object 'Object Repository/Page_Map  GRiD/select_ESRI Shapefile  GeoPackage  KML  --- No Output ---'  using regular expression

2020-09-03 14:24:35 - [MESSAGE][PASSED] - All options with label 'GeoPackage' are selected in object 'Object Repository/Page_Map  GRiD/select_ESRI Shapefile  GeoPackage  KML  --- No Output ---'  using regular expression

2020-09-03 14:24:35 - [TEST_STEP][PASSED] - selectOptionByLabel(findTestObject("Page_Map  GRiD/select_OpenFlight  Collada  KMZ  GLB  FBX  _469f7c"), findTestData("FG3D Test Data").getValue("id_geoint_models", row), true): All options with label 'Collada' are selected in object 'Object Repository/Page_Map  GRiD/select_OpenFlight  Collada  KMZ  GLB  FBX  _469f7c'  using regular expression

2020-09-03 14:24:36 - [MESSAGE][PASSED] - All options with label 'Collada' are selected in object 'Object Repository/Page_Map  GRiD/select_OpenFlight  Collada  KMZ  GLB  FBX  _469f7c'  using regular expression

2020-09-03 14:24:36 - [TEST_STEP][PASSED] - click(findTestObject("Page_Map  GRiD/button_Finish")): Object: 'Object Repository/Page_Map  GRiD/button_Finish' is clicked on

2020-09-03 14:24:36 - [MESSAGE][PASSED] - Object: 'Object Repository/Page_Map  GRiD/button_Finish' is clicked on

2020-09-03 14:24:36 - [TEST_STEP][PASSED] - click(findTestObject("Object Repository/Page_FG3D  GRiD/button_AOI Options")): Object: 'Object Repository/Page_FG3D  GRiD/button_AOI Options' is clicked on

2020-09-03 14:24:42 - [MESSAGE][PASSED] - Object: 'Object Repository/Page_FG3D  GRiD/button_AOI Options' is clicked on

2020-09-03 14:24:42 - [TEST_STEP][PASSED] - click(findTestObject("Object Repository/Page_FG3D  GRiD/a_View on map")): Object: 'Object Repository/Page_FG3D  GRiD/a_View on map' is clicked on

2020-09-03 14:24:42 - [MESSAGE][PASSED] - Object: 'Object Repository/Page_FG3D  GRiD/a_View on map' is clicked on

2020-09-03 14:24:42 - [TEST_STEP][PASSED] - switchToWindowTitle("Map – GRiD"): Switched to window with title: 'Map – GRiD'

2020-09-03 14:24:43 - [MESSAGE][PASSED] - Switched to window with title: 'Map – GRiD'

2020-09-03 14:24:43 - [TEST_STEP][PASSED] - click(findTestObject("Page_Map  GRiD/input_Selection area or layers have been mo_90fb99")): Object: 'Object Repository/Page_Map  GRiD/input_Selection area or layers have been mo_90fb99' is clicked on

2020-09-03 14:24:45 - [MESSAGE][PASSED] - Object: 'Object Repository/Page_Map  GRiD/input_Selection area or layers have been mo_90fb99' is clicked on

2020-09-03 14:24:45 - [TEST_STEP][PASSED] - click(findTestObject("Page_Map  GRiD/span_Export")): Object: 'Object Repository/Page_Map  GRiD/span_Export' is clicked on

2020-09-03 14:24:46 - [MESSAGE][PASSED] - Object: 'Object Repository/Page_Map  GRiD/span_Export' is clicked on

2020-09-03 14:24:46 - [TEST_STEP][PASSED] - setText(findTestObject("Page_Map  GRiD/input_Export Name_name"), findTestData("FG3D Test Data").getValue("id_name", row)): Text 'T- FG3D: GeoTiff - GeoTiff - GeoPackage - KMZ -1' is set on object 'Object Repository/Page_Map  GRiD/input_Export Name_name'

2020-09-03 14:24:47 - [MESSAGE][PASSED] - Text 'T- FG3D: GeoTiff - GeoTiff - GeoPackage - KMZ -1' is set on object 'Object Repository/Page_Map  GRiD/input_Export Name_name'

2020-09-03 14:24:47 - [TEST_STEP][PASSED] - selectOptionByLabel(findTestObject("Page_Map  GRiD/select_GeoTiff  GeoPackage  ERDAS Imagine  --- No Output ---"), findTestData("FG3D Test Data").getValue("id_geoint_imagery", row), true): All options with label 'GeoTiff' are selected in object 'Object Repository/Page_Map  GRiD/select_GeoTiff  GeoPackage  ERDAS Imagine  --- No Output ---'  using regular expression

2020-09-03 14:24:48 - [MESSAGE][PASSED] - All options with label 'GeoTiff' are selected in object 'Object Repository/Page_Map  GRiD/select_GeoTiff  GeoPackage  ERDAS Imagine  --- No Output ---'  using regular expression

2020-09-03 14:24:48 - [TEST_STEP][PASSED] - selectOptionByLabel(findTestObject("Page_Map  GRiD/select_GeoTiff  GeoPackage  DTED  --- No Output ---"), findTestData("FG3D Test Data").getValue("id_geoint_elevation", row), true): All options with label 'GeoTiff' are selected in object 'Object Repository/Page_Map  GRiD/select_GeoTiff  GeoPackage  DTED  --- No Output ---'  using regular expression

2020-09-03 14:24:49 - [MESSAGE][PASSED] - All options with label 'GeoTiff' are selected in object 'Object Repository/Page_Map  GRiD/select_GeoTiff  GeoPackage  DTED  --- No Output ---'  using regular expression

2020-09-03 14:24:49 - [TEST_STEP][PASSED] - selectOptionByLabel(findTestObject("Page_Map  GRiD/select_ESRI Shapefile  GeoPackage  KML  --- No Output ---"), findTestData("FG3D Test Data").getValue("id_geoint_vectors", row), true): All options with label 'GeoPackage' are selected in object 'Object Repository/Page_Map  GRiD/select_ESRI Shapefile  GeoPackage  KML  --- No Output ---'  using regular expression

2020-09-03 14:24:50 - [MESSAGE][PASSED] - All options with label 'GeoPackage' are selected in object 'Object Repository/Page_Map  GRiD/select_ESRI Shapefile  GeoPackage  KML  --- No Output ---'  using regular expression

2020-09-03 14:24:50 - [TEST_STEP][PASSED] - selectOptionByLabel(findTestObject("Page_Map  GRiD/select_OpenFlight  Collada  KMZ  GLB  FBX  _469f7c"), findTestData("FG3D Test Data").getValue("id_geoint_models", row), true): All options with label 'KMZ' are selected in object 'Object Repository/Page_Map  GRiD/select_OpenFlight  Collada  KMZ  GLB  FBX  _469f7c'  using regular expression

2020-09-03 14:24:51 - [MESSAGE][PASSED] - All options with label 'KMZ' are selected in object 'Object Repository/Page_Map  GRiD/select_OpenFlight  Collada  KMZ  GLB  FBX  _469f7c'  using regular expression

2020-09-03 14:24:51 - [TEST_STEP][PASSED] - click(findTestObject("Page_Map  GRiD/button_Finish")): Object: 'Object Repository/Page_Map  GRiD/button_Finish' is clicked on

2020-09-03 14:24:51 - [MESSAGE][PASSED] - Object: 'Object Repository/Page_Map  GRiD/button_Finish' is clicked on

2020-09-03 14:24:51 - [TEST_STEP][PASSED] - click(findTestObject("Object Repository/Page_FG3D  GRiD/button_AOI Options")): Object: 'Object Repository/Page_FG3D  GRiD/button_AOI Options' is clicked on

2020-09-03 14:24:56 - [MESSAGE][PASSED] - Object: 'Object Repository/Page_FG3D  GRiD/button_AOI Options' is clicked on

2020-09-03 14:24:56 - [TEST_STEP][PASSED] - click(findTestObject("Object Repository/Page_FG3D  GRiD/a_View on map")): Object: 'Object Repository/Page_FG3D  GRiD/a_View on map' is clicked on

2020-09-03 14:24:57 - [MESSAGE][PASSED] - Object: 'Object Repository/Page_FG3D  GRiD/a_View on map' is clicked on

2020-09-03 14:24:57 - [TEST_STEP][PASSED] - switchToWindowTitle("Map – GRiD"): Switched to window with title: 'Map – GRiD'

2020-09-03 14:24:57 - [MESSAGE][PASSED] - Switched to window with title: 'Map – GRiD'

2020-09-03 14:24:57 - [TEST_STEP][PASSED] - click(findTestObject("Page_Map  GRiD/input_Selection area or layers have been mo_90fb99")): Object: 'Object Repository/Page_Map  GRiD/input_Selection area or layers have been mo_90fb99' is clicked on

2020-09-03 14:24:59 - [MESSAGE][PASSED] - Object: 'Object Repository/Page_Map  GRiD/input_Selection area or layers have been mo_90fb99' is clicked on

2020-09-03 14:24:59 - [TEST_STEP][PASSED] - click(findTestObject("Page_Map  GRiD/span_Export")): Object: 'Object Repository/Page_Map  GRiD/span_Export' is clicked on

2020-09-03 14:25:00 - [MESSAGE][PASSED] - Object: 'Object Repository/Page_Map  GRiD/span_Export' is clicked on

2020-09-03 14:25:00 - [TEST_STEP][PASSED] - setText(findTestObject("Page_Map  GRiD/input_Export Name_name"), findTestData("FG3D Test Data").getValue("id_name", row)): Text 'T- FG3D: GeoTiff - GeoTiff - GeoPackage - GLB -1' is set on object 'Object Repository/Page_Map  GRiD/input_Export Name_name'

2020-09-03 14:25:02 - [MESSAGE][PASSED] - Text 'T- FG3D: GeoTiff - GeoTiff - GeoPackage - GLB -1' is set on object 'Object Repository/Page_Map  GRiD/input_Export Name_name'

2020-09-03 14:25:02 - [TEST_STEP][PASSED] - selectOptionByLabel(findTestObject("Page_Map  GRiD/select_GeoTiff  GeoPackage  ERDAS Imagine  --- No Output ---"), findTestData("FG3D Test Data").getValue("id_geoint_imagery", row), true): All options with label 'GeoTiff' are selected in object 'Object Repository/Page_Map  GRiD/select_GeoTiff  GeoPackage  ERDAS Imagine  --- No Output ---'  using regular expression

2020-09-03 14:25:03 - [MESSAGE][PASSED] - All options with label 'GeoTiff' are selected in object 'Object Repository/Page_Map  GRiD/select_GeoTiff  GeoPackage  ERDAS Imagine  --- No Output ---'  using regular expression

2020-09-03 14:25:03 - [TEST_STEP][PASSED] - selectOptionByLabel(findTestObject("Page_Map  GRiD/select_GeoTiff  GeoPackage  DTED  --- No Output ---"), findTestData("FG3D Test Data").getValue("id_geoint_elevation", row), true): All options with label 'GeoTiff' are selected in object 'Object Repository/Page_Map  GRiD/select_GeoTiff  GeoPackage  DTED  --- No Output ---'  using regular expression

2020-09-03 14:25:03 - [MESSAGE][PASSED] - All options with label 'GeoTiff' are selected in object 'Object Repository/Page_Map  GRiD/select_GeoTiff  GeoPackage  DTED  --- No Output ---'  using regular expression

2020-09-03 14:25:03 - [TEST_STEP][PASSED] - selectOptionByLabel(findTestObject("Page_Map  GRiD/select_ESRI Shapefile  GeoPackage  KML  --- No Output ---"), findTestData("FG3D Test Data").getValue("id_geoint_vectors", row), true): All options with label 'GeoPackage' are selected in object 'Object Repository/Page_Map  GRiD/select_ESRI Shapefile  GeoPackage  KML  --- No Output ---'  using regular expression

2020-09-03 14:25:04 - [MESSAGE][PASSED] - All options with label 'GeoPackage' are selected in object 'Object Repository/Page_Map  GRiD/select_ESRI Shapefile  GeoPackage  KML  --- No Output ---'  using regular expression

2020-09-03 14:25:04 - [TEST_STEP][PASSED] - selectOptionByLabel(findTestObject("Page_Map  GRiD/select_OpenFlight  Collada  KMZ  GLB  FBX  _469f7c"), findTestData("FG3D Test Data").getValue("id_geoint_models", row), true): All options with label 'GLB' are selected in object 'Object Repository/Page_Map  GRiD/select_OpenFlight  Collada  KMZ  GLB  FBX  _469f7c'  using regular expression

2020-09-03 14:25:05 - [MESSAGE][PASSED] - All options with label 'GLB' are selected in object 'Object Repository/Page_Map  GRiD/select_OpenFlight  Collada  KMZ  GLB  FBX  _469f7c'  using regular expression

2020-09-03 14:25:05 - [TEST_STEP][PASSED] - click(findTestObject("Page_Map  GRiD/button_Finish")): Object: 'Object Repository/Page_Map  GRiD/button_Finish' is clicked on

2020-09-03 14:25:05 - [MESSAGE][PASSED] - Object: 'Object Repository/Page_Map  GRiD/button_Finish' is clicked on

2020-09-03 14:25:05 - [TEST_STEP][PASSED] - click(findTestObject("Object Repository/Page_FG3D  GRiD/button_AOI Options")): Object: 'Object Repository/Page_FG3D  GRiD/button_AOI Options' is clicked on

2020-09-03 14:25:11 - [MESSAGE][PASSED] - Object: 'Object Repository/Page_FG3D  GRiD/button_AOI Options' is clicked on

2020-09-03 14:25:11 - [TEST_STEP][PASSED] - click(findTestObject("Object Repository/Page_FG3D  GRiD/a_View on map")): Object: 'Object Repository/Page_FG3D  GRiD/a_View on map' is clicked on

2020-09-03 14:25:12 - [MESSAGE][PASSED] - Object: 'Object Repository/Page_FG3D  GRiD/a_View on map' is clicked on

2020-09-03 14:25:12 - [TEST_STEP][PASSED] - switchToWindowTitle("Map – GRiD"): Switched to window with title: 'Map – GRiD'

2020-09-03 14:25:12 - [MESSAGE][PASSED] - Switched to window with title: 'Map – GRiD'

2020-09-03 14:25:12 - [TEST_STEP][PASSED] - click(findTestObject("Page_Map  GRiD/input_Selection area or layers have been mo_90fb99")): Object: 'Object Repository/Page_Map  GRiD/input_Selection area or layers have been mo_90fb99' is clicked on

2020-09-03 14:25:14 - [MESSAGE][PASSED] - Object: 'Object Repository/Page_Map  GRiD/input_Selection area or layers have been mo_90fb99' is clicked on

2020-09-03 14:25:14 - [TEST_STEP][PASSED] - click(findTestObject("Page_Map  GRiD/span_Export")): Object: 'Object Repository/Page_Map  GRiD/span_Export' is clicked on

2020-09-03 14:25:15 - [MESSAGE][PASSED] - Object: 'Object Repository/Page_Map  GRiD/span_Export' is clicked on

2020-09-03 14:25:15 - [TEST_STEP][PASSED] - setText(findTestObject("Page_Map  GRiD/input_Export Name_name"), findTestData("FG3D Test Data").getValue("id_name", row)): Text 'T- FG3D: GeoTiff - GeoTiff - GeoPackage - FBX -1' is set on object 'Object Repository/Page_Map  GRiD/input_Export Name_name'

2020-09-03 14:25:17 - [MESSAGE][PASSED] - Text 'T- FG3D: GeoTiff - GeoTiff - GeoPackage - FBX -1' is set on object 'Object Repository/Page_Map  GRiD/input_Export Name_name'

2020-09-03 14:25:17 - [TEST_STEP][PASSED] - selectOptionByLabel(findTestObject("Page_Map  GRiD/select_GeoTiff  GeoPackage  ERDAS Imagine  --- No Output ---"), findTestData("FG3D Test Data").getValue("id_geoint_imagery", row), true): All options with label 'GeoTiff' are selected in object 'Object Repository/Page_Map  GRiD/select_GeoTiff  GeoPackage  ERDAS Imagine  --- No Output ---'  using regular expression

2020-09-03 14:25:17 - [MESSAGE][PASSED] - All options with label 'GeoTiff' are selected in object 'Object Repository/Page_Map  GRiD/select_GeoTiff  GeoPackage  ERDAS Imagine  --- No Output ---'  using regular expression

2020-09-03 14:25:17 - [TEST_STEP][PASSED] - selectOptionByLabel(findTestObject("Page_Map  GRiD/select_GeoTiff  GeoPackage  DTED  --- No Output ---"), findTestData("FG3D Test Data").getValue("id_geoint_elevation", row), true): All options with label 'GeoTiff' are selected in object 'Object Repository/Page_Map  GRiD/select_GeoTiff  GeoPackage  DTED  --- No Output ---'  using regular expression

2020-09-03 14:25:18 - [MESSAGE][PASSED] - All options with label 'GeoTiff' are selected in object 'Object Repository/Page_Map  GRiD/select_GeoTiff  GeoPackage  DTED  --- No Output ---'  using regular expression

2020-09-03 14:25:18 - [TEST_STEP][PASSED] - selectOptionByLabel(findTestObject("Page_Map  GRiD/select_ESRI Shapefile  GeoPackage  KML  --- No Output ---"), findTestData("FG3D Test Data").getValue("id_geoint_vectors", row), true): All options with label 'GeoPackage' are selected in object 'Object Repository/Page_Map  GRiD/select_ESRI Shapefile  GeoPackage  KML  --- No Output ---'  using regular expression

2020-09-03 14:25:19 - [MESSAGE][PASSED] - All options with label 'GeoPackage' are selected in object 'Object Repository/Page_Map  GRiD/select_ESRI Shapefile  GeoPackage  KML  --- No Output ---'  using regular expression

2020-09-03 14:25:19 - [TEST_STEP][PASSED] - selectOptionByLabel(findTestObject("Page_Map  GRiD/select_OpenFlight  Collada  KMZ  GLB  FBX  _469f7c"), findTestData("FG3D Test Data").getValue("id_geoint_models", row), true): All options with label 'FBX' are selected in object 'Object Repository/Page_Map  GRiD/select_OpenFlight  Collada  KMZ  GLB  FBX  _469f7c'  using regular expression

2020-09-03 14:25:20 - [MESSAGE][PASSED] - All options with label 'FBX' are selected in object 'Object Repository/Page_Map  GRiD/select_OpenFlight  Collada  KMZ  GLB  FBX  _469f7c'  using regular expression

2020-09-03 14:25:20 - [TEST_STEP][PASSED] - click(findTestObject("Page_Map  GRiD/button_Finish")): Object: 'Object Repository/Page_Map  GRiD/button_Finish' is clicked on

2020-09-03 14:25:21 - [MESSAGE][PASSED] - Object: 'Object Repository/Page_Map  GRiD/button_Finish' is clicked on

2020-09-03 14:25:21 - [TEST_STEP][PASSED] - click(findTestObject("Object Repository/Page_FG3D  GRiD/button_AOI Options")): Object: 'Object Repository/Page_FG3D  GRiD/button_AOI Options' is clicked on

2020-09-03 14:25:27 - [MESSAGE][PASSED] - Object: 'Object Repository/Page_FG3D  GRiD/button_AOI Options' is clicked on

2020-09-03 14:25:27 - [TEST_STEP][PASSED] - click(findTestObject("Object Repository/Page_FG3D  GRiD/a_View on map")): Object: 'Object Repository/Page_FG3D  GRiD/a_View on map' is clicked on

2020-09-03 14:25:27 - [MESSAGE][PASSED] - Object: 'Object Repository/Page_FG3D  GRiD/a_View on map' is clicked on

2020-09-03 14:25:27 - [TEST_STEP][PASSED] - switchToWindowTitle("Map – GRiD"): Switched to window with title: 'Map – GRiD'

2020-09-03 14:25:28 - [MESSAGE][PASSED] - Switched to window with title: 'Map – GRiD'

2020-09-03 14:25:28 - [TEST_STEP][PASSED] - click(findTestObject("Page_Map  GRiD/input_Selection area or layers have been mo_90fb99")): Object: 'Object Repository/Page_Map  GRiD/input_Selection area or layers have been mo_90fb99' is clicked on

2020-09-03 14:25:30 - [MESSAGE][PASSED] - Object: 'Object Repository/Page_Map  GRiD/input_Selection area or layers have been mo_90fb99' is clicked on

2020-09-03 14:25:30 - [TEST_STEP][PASSED] - click(findTestObject("Page_Map  GRiD/span_Export")): Object: 'Object Repository/Page_Map  GRiD/span_Export' is clicked on

2020-09-03 14:25:31 - [MESSAGE][PASSED] - Object: 'Object Repository/Page_Map  GRiD/span_Export' is clicked on

2020-09-03 14:25:31 - [TEST_STEP][PASSED] - setText(findTestObject("Page_Map  GRiD/input_Export Name_name"), findTestData("FG3D Test Data").getValue("id_name", row)): Text 'T- FG3D: GeoTiff - GeoTiff - GeoPackage - OBJ -1' is set on object 'Object Repository/Page_Map  GRiD/input_Export Name_name'

2020-09-03 14:25:32 - [MESSAGE][PASSED] - Text 'T- FG3D: GeoTiff - GeoTiff - GeoPackage - OBJ -1' is set on object 'Object Repository/Page_Map  GRiD/input_Export Name_name'

2020-09-03 14:25:32 - [TEST_STEP][PASSED] - selectOptionByLabel(findTestObject("Page_Map  GRiD/select_GeoTiff  GeoPackage  ERDAS Imagine  --- No Output ---"), findTestData("FG3D Test Data").getValue("id_geoint_imagery", row), true): All options with label 'GeoTiff' are selected in object 'Object Repository/Page_Map  GRiD/select_GeoTiff  GeoPackage  ERDAS Imagine  --- No Output ---'  using regular expression

2020-09-03 14:25:33 - [MESSAGE][PASSED] - All options with label 'GeoTiff' are selected in object 'Object Repository/Page_Map  GRiD/select_GeoTiff  GeoPackage  ERDAS Imagine  --- No Output ---'  using regular expression

2020-09-03 14:25:33 - [TEST_STEP][PASSED] - selectOptionByLabel(findTestObject("Page_Map  GRiD/select_GeoTiff  GeoPackage  DTED  --- No Output ---"), findTestData("FG3D Test Data").getValue("id_geoint_elevation", row), true): All options with label 'GeoTiff' are selected in object 'Object Repository/Page_Map  GRiD/select_GeoTiff  GeoPackage  DTED  --- No Output ---'  using regular expression

2020-09-03 14:25:34 - [MESSAGE][PASSED] - All options with label 'GeoTiff' are selected in object 'Object Repository/Page_Map  GRiD/select_GeoTiff  GeoPackage  DTED  --- No Output ---'  using regular expression

2020-09-03 14:25:34 - [TEST_STEP][PASSED] - selectOptionByLabel(findTestObject("Page_Map  GRiD/select_ESRI Shapefile  GeoPackage  KML  --- No Output ---"), findTestData("FG3D Test Data").getValue("id_geoint_vectors", row), true): All options with label 'GeoPackage' are selected in object 'Object Repository/Page_Map  GRiD/select_ESRI Shapefile  GeoPackage  KML  --- No Output ---'  using regular expression

2020-09-03 14:25:35 - [MESSAGE][PASSED] - All options with label 'GeoPackage' are selected in object 'Object Repository/Page_Map  GRiD/select_ESRI Shapefile  GeoPackage  KML  --- No Output ---'  using regular expression

2020-09-03 14:25:35 - [TEST_STEP][PASSED] - selectOptionByLabel(findTestObject("Page_Map  GRiD/select_OpenFlight  Collada  KMZ  GLB  FBX  _469f7c"), findTestData("FG3D Test Data").getValue("id_geoint_models", row), true): All options with label 'OBJ' are selected in object 'Object Repository/Page_Map  GRiD/select_OpenFlight  Collada  KMZ  GLB  FBX  _469f7c'  using regular expression

2020-09-03 14:25:36 - [MESSAGE][PASSED] - All options with label 'OBJ' are selected in object 'Object Repository/Page_Map  GRiD/select_OpenFlight  Collada  KMZ  GLB  FBX  _469f7c'  using regular expression

[...]

2020-09-03 14:28:56 - [MESSAGE][INFO] - [SELF-HEALING] Failed Locator: '//a[contains(@href, '/grid/map/36914/aoi')]'.

2020-09-03 14:28:56 - [MESSAGE][INFO] - [SELF-HEALING] Working Locator: '//div[2]/div/div/a[2]'.

2020-09-03 14:28:57 - [MESSAGE][INFO] - [SELF-HEALING] Screenshot: /Users/bhavikpatel/Downloads/Projects/CRREL/GRiD/Automation Testing/Automation Testing Project/KatalonTesting/Reports/Self-healing/Object Repository/Page_FG3D  GRiD/a_View on map_position.png

2020-09-03 14:28:57 - [MESSAGE][WARNING] - [SELF-HEALING] The current locator of test object 'Object Repository/Page_FG3D  GRiD/a_View on map' was broken. Propose an alternative one: '//div[2]/div/div/a[2]'.

2020-09-03 14:28:58 - [MESSAGE][FAILED] - Unable to click on object 'Object Repository/Page_FG3D  GRiD/a_View on map' (Root cause: com.kms.katalon.core.exception.StepFailedException: Unable to click on object 'Object Repository/Page_FG3D  GRiD/a_View on map'
	at com.kms.katalon.core.webui.keyword.internal.WebUIKeywordMain.stepFailed(WebUIKeywordMain.groovy:64)
	at com.kms.katalon.core.webui.keyword.internal.WebUIKeywordMain.runKeyword(WebUIKeywordMain.groovy:26)
	at com.kms.katalon.core.webui.keyword.builtin.ClickKeyword.click(ClickKeyword.groovy:76)
	at com.kms.katalon.core.webui.keyword.builtin.ClickKeyword.execute(ClickKeyword.groovy:43)
	at com.kms.katalon.core.keyword.internal.KeywordExecutor.executeKeywordForPlatform(KeywordExecutor.groovy:73)
	at com.kms.katalon.core.webui.keyword.WebUiBuiltInKeywords.click(WebUiBuiltInKeywords.groovy:616)
	at com.kms.katalon.core.webui.keyword.WebUiBuiltInKeywords$click$1.call(Unknown Source)
	at FG3D Test.run(FG3D Test:37)
	at com.kms.katalon.core.main.ScriptEngine.run(ScriptEngine.java:194)
	at com.kms.katalon.core.main.ScriptEngine.runScriptAsRawText(ScriptEngine.java:119)
	at com.kms.katalon.core.main.TestCaseExecutor.runScript(TestCaseExecutor.java:339)
	at com.kms.katalon.core.main.TestCaseExecutor.doExecute(TestCaseExecutor.java:330)
	at com.kms.katalon.core.main.TestCaseExecutor.processExecutionPhase(TestCaseExecutor.java:309)
	at com.kms.katalon.core.main.TestCaseExecutor.accessMainPhase(TestCaseExecutor.java:301)
	at com.kms.katalon.core.main.TestCaseExecutor.execute(TestCaseExecutor.java:235)
	at com.kms.katalon.core.main.TestSuiteExecutor.accessTestCaseMainPhase(TestSuiteExecutor.java:191)
	at com.kms.katalon.core.main.TestSuiteExecutor.accessTestSuiteMainPhase(TestSuiteExecutor.java:141)
	at com.kms.katalon.core.main.TestSuiteExecutor.execute(TestSuiteExecutor.java:90)
	at com.kms.katalon.core.main.TestCaseMain.startTestSuite(TestCaseMain.java:157)
	at com.kms.katalon.core.main.TestCaseMain$startTestSuite$0.call(Unknown Source)
	at TempTestSuite1599157317494.run(TempTestSuite1599157317494.groovy:39)
Caused by: org.openqa.selenium.ElementNotInteractableException: element not interactable
  (Session info: chrome=85.0.4183.83)
Build info: version: '3.141.59', revision: 'e82be7d358', time: '2018-11-14T08:25:53'
System info: host: 'bah5cd9168lrq.resource.ds.bah.com', ip: 'fe80:0:0:0:8e5:6086:d883:e3f8%en0', os.name: 'Mac OS X', os.arch: 'x86_64', os.version: '10.15.6', java.version: '1.8.0_181'
Driver info: com.kms.katalon.selenium.driver.CChromeDriver
Capabilities {acceptInsecureCerts: false, browserName: chrome, browserVersion: 85.0.4183.83, chrome: {chromedriverVersion: 85.0.4183.87 (cd6713ebf92fa..., userDataDir: /var/folders/mk/mm0g76rn3_g...}, goog:chromeOptions: {debuggerAddress: localhost:59070}, javascriptEnabled: true, networkConnectionEnabled: false, pageLoadStrategy: normal, platform: MAC, platformName: MAC, proxy: Proxy(), setWindowRect: true, strictFileInteractability: false, timeouts: {implicit: 0, pageLoad: 300000, script: 30000}, unhandledPromptBehavior: dismiss and notify, webauthn:virtualAuthenticators: true}
Session ID: 438711d5935fd673cb36f39a195a1d00
	at org.openqa.selenium.remote.http.W3CHttpResponseCodec.createException(W3CHttpResponseCodec.java:187)
	at org.openqa.selenium.remote.http.W3CHttpResponseCodec.decode(W3CHttpResponseCodec.java:122)
	at org.openqa.selenium.remote.http.W3CHttpResponseCodec.decode(W3CHttpResponseCodec.java:49)
	at org.openqa.selenium.remote.HttpCommandExecutor.execute(HttpCommandExecutor.java:158)
	at org.openqa.selenium.remote.service.DriverCommandExecutor.execute(DriverCommandExecutor.java:83)
	at org.openqa.selenium.remote.RemoteWebDriver.execute(RemoteWebDriver.java:552)
	at com.kms.katalon.selenium.driver.CChromeDriver.execute(CChromeDriver.java:19)
	at org.openqa.selenium.remote.RemoteWebElement.execute(RemoteWebElement.java:285)
	at org.openqa.selenium.remote.RemoteWebElement.click(RemoteWebElement.java:84)
	at org.openqa.selenium.support.events.EventFiringWebDriver$EventFiringWebElement.lambda$new$0(EventFiringWebDriver.java:404)
	at com.sun.proxy.$Proxy9.click(Unknown Source)
	at org.openqa.selenium.support.events.EventFiringWebDriver$EventFiringWebElement.click(EventFiringWebDriver.java:417)
	at com.kms.katalon.core.webui.keyword.builtin.ClickKeyword$_click_closure1.doCall(ClickKeyword.groovy:69)
	at com.kms.katalon.core.webui.keyword.builtin.ClickKeyword$_click_closure1.call(ClickKeyword.groovy)
	at com.kms.katalon.core.webui.keyword.internal.WebUIKeywordMain.runKeyword(WebUIKeywordMain.groovy:20)
	at com.kms.katalon.core.webui.keyword.builtin.ClickKeyword.click(ClickKeyword.groovy:76)
	at com.kms.katalon.core.webui.keyword.builtin.ClickKeyword.execute(ClickKeyword.groovy:43)
	at com.kms.katalon.core.keyword.internal.KeywordExecutor.executeKeywordForPlatform(KeywordExecutor.groovy:73)
	at com.kms.katalon.core.webui.keyword.WebUiBuiltInKeywords.click(WebUiBuiltInKeywords.groovy:616)
	at com.kms.katalon.core.webui.keyword.WebUiBuiltInKeywords$click$1.call(Unknown Source)
	at Script1596659605283.run(Script1596659605283.groovy:37)
	... 13 more
)
[[ATTACHMENT|/Users/bhavikpatel/Downloads/Projects/CRREL/GRiD/Automation Testing/Automation Testing Project/KatalonTesting/Reports/20200903_142157/GRiD Login/20200903_142157/1599157737315.png]]]]></system-out>
         <system-err><![CDATA[2020-09-03 14:22:00 - [TEST_CASE][FAILED] - Test Cases/FG3D Test: Test Cases/FG3D Test FAILED.
Reason:
com.kms.katalon.core.exception.StepFailedException: Unable to click on object 'Object Repository/Page_FG3D  GRiD/a_View on map'
	at com.kms.katalon.core.webui.keyword.internal.WebUIKeywordMain.stepFailed(WebUIKeywordMain.groovy:64)
	at com.kms.katalon.core.webui.keyword.internal.WebUIKeywordMain.runKeyword(WebUIKeywordMain.groovy:26)
	at com.kms.katalon.core.webui.keyword.builtin.ClickKeyword.click(ClickKeyword.groovy:76)
	at com.kms.katalon.core.webui.keyword.builtin.ClickKeyword.execute(ClickKeyword.groovy:43)
	at com.kms.katalon.core.keyword.internal.KeywordExecutor.executeKeywordForPlatform(KeywordExecutor.groovy:73)
	at com.kms.katalon.core.webui.keyword.WebUiBuiltInKeywords.click(WebUiBuiltInKeywords.groovy:616)
	at com.kms.katalon.core.webui.keyword.WebUiBuiltInKeywords$click$1.call(Unknown Source)
	at FG3D Test.run(FG3D Test:37)
	at com.kms.katalon.core.main.ScriptEngine.run(ScriptEngine.java:194)
	at com.kms.katalon.core.main.ScriptEngine.runScriptAsRawText(ScriptEngine.java:119)
	at com.kms.katalon.core.main.TestCaseExecutor.runScript(TestCaseExecutor.java:339)
	at com.kms.katalon.core.main.TestCaseExecutor.doExecute(TestCaseExecutor.java:330)
	at com.kms.katalon.core.main.TestCaseExecutor.processExecutionPhase(TestCaseExecutor.java:309)
	at com.kms.katalon.core.main.TestCaseExecutor.accessMainPhase(TestCaseExecutor.java:301)
	at com.kms.katalon.core.main.TestCaseExecutor.execute(TestCaseExecutor.java:235)
	at com.kms.katalon.core.main.TestSuiteExecutor.accessTestCaseMainPhase(TestSuiteExecutor.java:191)
	at com.kms.katalon.core.main.TestSuiteExecutor.accessTestSuiteMainPhase(TestSuiteExecutor.java:141)
	at com.kms.katalon.core.main.TestSuiteExecutor.execute(TestSuiteExecutor.java:90)
	at com.kms.katalon.core.main.TestCaseMain.startTestSuite(TestCaseMain.java:157)
	at com.kms.katalon.core.main.TestCaseMain$startTestSuite$0.call(Unknown Source)
	at TempTestSuite1599157317494.run(TempTestSuite1599157317494.groovy:39)
Caused by: org.openqa.selenium.ElementNotInteractableException: element not interactable
  (Session info: chrome=85.0.4183.83)
Build info: version: '3.141.59', revision: 'e82be7d358', time: '2018-11-14T08:25:53'
System info: host: 'bah5cd9168lrq.resource.ds.bah.com', ip: 'fe80:0:0:0:8e5:6086:d883:e3f8%en0', os.name: 'Mac OS X', os.arch: 'x86_64', os.version: '10.15.6', java.version: '1.8.0_181'
Driver info: com.kms.katalon.selenium.driver.CChromeDriver
Capabilities {acceptInsecureCerts: false, browserName: chrome, browserVersion: 85.0.4183.83, chrome: {chromedriverVersion: 85.0.4183.87 (cd6713ebf92fa..., userDataDir: /var/folders/mk/mm0g76rn3_g...}, goog:chromeOptions: {debuggerAddress: localhost:59070}, javascriptEnabled: true, networkConnectionEnabled: false, pageLoadStrategy: normal, platform: MAC, platformName: MAC, proxy: Proxy(), setWindowRect: true, strictFileInteractability: false, timeouts: {implicit: 0, pageLoad: 300000, script: 30000}, unhandledPromptBehavior: dismiss and notify, webauthn:virtualAuthenticators: true}
Session ID: 438711d5935fd673cb36f39a195a1d00
	at org.openqa.selenium.remote.http.W3CHttpResponseCodec.createException(W3CHttpResponseCodec.java:187)
	at org.openqa.selenium.remote.http.W3CHttpResponseCodec.decode(W3CHttpResponseCodec.java:122)
	at org.openqa.selenium.remote.http.W3CHttpResponseCodec.decode(W3CHttpResponseCodec.java:49)
	at org.openqa.selenium.remote.HttpCommandExecutor.execute(HttpCommandExecutor.java:158)
	at org.openqa.selenium.remote.service.DriverCommandExecutor.execute(DriverCommandExecutor.java:83)
	at org.openqa.selenium.remote.RemoteWebDriver.execute(RemoteWebDriver.java:552)
	at com.kms.katalon.selenium.driver.CChromeDriver.execute(CChromeDriver.java:19)
	at org.openqa.selenium.remote.RemoteWebElement.execute(RemoteWebElement.java:285)
	at org.openqa.selenium.remote.RemoteWebElement.click(RemoteWebElement.java:84)
	at org.openqa.selenium.support.events.EventFiringWebDriver$EventFiringWebElement.lambda$new$0(EventFiringWebDriver.java:404)
	at com.sun.proxy.$Proxy9.click(Unknown Source)
	at org.openqa.selenium.support.events.EventFiringWebDriver$EventFiringWebElement.click(EventFiringWebDriver.java:417)
	at com.kms.katalon.core.webui.keyword.builtin.ClickKeyword$_click_closure1.doCall(ClickKeyword.groovy:69)
	at com.kms.katalon.core.webui.keyword.builtin.ClickKeyword$_click_closure1.call(ClickKeyword.groovy)
	at com.kms.katalon.core.webui.keyword.internal.WebUIKeywordMain.runKeyword(WebUIKeywordMain.groovy:20)
	... 19 more]]></system-err>
      </testcase>
      <system-out><![CDATA[2020-09-03 14:22:00 - [TEST_SUITE][FAILED] - GRiD Login: Test Cases/FG3D Test FAILED.
Reason:
com.kms.katalon.core.exception.StepFailedException: Unable to click on object 'Object Repository/Page_FG3D  GRiD/a_View on map'
	at com.kms.katalon.core.webui.keyword.internal.WebUIKeywordMain.stepFailed(WebUIKeywordMain.groovy:64)
	at com.kms.katalon.core.webui.keyword.internal.WebUIKeywordMain.runKeyword(WebUIKeywordMain.groovy:26)
	at com.kms.katalon.core.webui.keyword.builtin.ClickKeyword.click(ClickKeyword.groovy:76)
	at com.kms.katalon.core.webui.keyword.builtin.ClickKeyword.execute(ClickKeyword.groovy:43)
	at com.kms.katalon.core.keyword.internal.KeywordExecutor.executeKeywordForPlatform(KeywordExecutor.groovy:73)
	at com.kms.katalon.core.webui.keyword.WebUiBuiltInKeywords.click(WebUiBuiltInKeywords.groovy:616)
	at com.kms.katalon.core.webui.keyword.WebUiBuiltInKeywords$click$1.call(Unknown Source)
	at FG3D Test.run(FG3D Test:37)
	at com.kms.katalon.core.main.ScriptEngine.run(ScriptEngine.java:194)
	at com.kms.katalon.core.main.ScriptEngine.runScriptAsRawText(ScriptEngine.java:119)
	at com.kms.katalon.core.main.TestCaseExecutor.runScript(TestCaseExecutor.java:339)
	at com.kms.katalon.core.main.TestCaseExecutor.doExecute(TestCaseExecutor.java:330)
	at com.kms.katalon.core.main.TestCaseExecutor.processExecutionPhase(TestCaseExecutor.java:309)
	at com.kms.katalon.core.main.TestCaseExecutor.accessMainPhase(TestCaseExecutor.java:301)
	at com.kms.katalon.core.main.TestCaseExecutor.execute(TestCaseExecutor.java:235)
	at com.kms.katalon.core.main.TestSuiteExecutor.accessTestCaseMainPhase(TestSuiteExecutor.java:191)
	at com.kms.katalon.core.main.TestSuiteExecutor.accessTestSuiteMainPhase(TestSuiteExecutor.java:141)
	at com.kms.katalon.core.main.TestSuiteExecutor.execute(TestSuiteExecutor.java:90)
	at com.kms.katalon.core.main.TestCaseMain.startTestSuite(TestCaseMain.java:157)
	at com.kms.katalon.core.main.TestCaseMain$startTestSuite$0.call(Unknown Source)
	at TempTestSuite1599157317494.run(TempTestSuite1599157317494.groovy:39)
Caused by: org.openqa.selenium.ElementNotInteractableException: element not interactable
  (Session info: chrome=85.0.4183.83)
Build info: version: '3.141.59', revision: 'e82be7d358', time: '2018-11-14T08:25:53'
System info: host: 'bah5cd9168lrq.resource.ds.bah.com', ip: 'fe80:0:0:0:8e5:6086:d883:e3f8%en0', os.name: 'Mac OS X', os.arch: 'x86_64', os.version: '10.15.6', java.version: '1.8.0_181'
Driver info: com.kms.katalon.selenium.driver.CChromeDriver
Capabilities {acceptInsecureCerts: false, browserName: chrome, browserVersion: 85.0.4183.83, chrome: {chromedriverVersion: 85.0.4183.87 (cd6713ebf92fa..., userDataDir: /var/folders/mk/mm0g76rn3_g...}, goog:chromeOptions: {debuggerAddress: localhost:59070}, javascriptEnabled: true, networkConnectionEnabled: false, pageLoadStrategy: normal, platform: MAC, platformName: MAC, proxy: Proxy(), setWindowRect: true, strictFileInteractability: false, timeouts: {implicit: 0, pageLoad: 300000, script: 30000}, unhandledPromptBehavior: dismiss and notify, webauthn:virtualAuthenticators: true}
Session ID: 438711d5935fd673cb36f39a195a1d00
	at org.openqa.selenium.remote.http.W3CHttpResponseCodec.createException(W3CHttpResponseCodec.java:187)
	at org.openqa.selenium.remote.http.W3CHttpResponseCodec.decode(W3CHttpResponseCodec.java:122)
	at org.openqa.selenium.remote.http.W3CHttpResponseCodec.decode(W3CHttpResponseCodec.java:49)
	at org.openqa.selenium.remote.HttpCommandExecutor.execute(HttpCommandExecutor.java:158)
	at org.openqa.selenium.remote.service.DriverCommandExecutor.execute(DriverCommandExecutor.java:83)
	at org.openqa.selenium.remote.RemoteWebDriver.execute(RemoteWebDriver.java:552)
	at com.kms.katalon.selenium.driver.CChromeDriver.execute(CChromeDriver.java:19)
	at org.openqa.selenium.remote.RemoteWebElement.execute(RemoteWebElement.java:285)
	at org.openqa.selenium.remote.RemoteWebElement.click(RemoteWebElement.java:84)
	at org.openqa.selenium.support.events.EventFiringWebDriver$EventFiringWebElement.lambda$new$0(EventFiringWebDriver.java:404)
	at com.sun.proxy.$Proxy9.click(Unknown Source)
	at org.openqa.selenium.support.events.EventFiringWebDriver$EventFiringWebElement.click(EventFiringWebDriver.java:417)
	at com.kms.katalon.core.webui.keyword.builtin.ClickKeyword$_click_closure1.doCall(ClickKeyword.groovy:69)
	at com.kms.katalon.core.webui.keyword.builtin.ClickKeyword$_click_closure1.call(ClickKeyword.groovy)
	at com.kms.katalon.core.webui.keyword.internal.WebUIKeywordMain.runKeyword(WebUIKeywordMain.groovy:20)
	... 19 more]]></system-out>
      <system-err><![CDATA[2020-09-03 14:22:00 - [TEST_SUITE][FAILED] - GRiD Login: Test Cases/FG3D Test FAILED.
Reason:
com.kms.katalon.core.exception.StepFailedException: Unable to click on object 'Object Repository/Page_FG3D  GRiD/a_View on map'
	at com.kms.katalon.core.webui.keyword.internal.WebUIKeywordMain.stepFailed(WebUIKeywordMain.groovy:64)
	at com.kms.katalon.core.webui.keyword.internal.WebUIKeywordMain.runKeyword(WebUIKeywordMain.groovy:26)
	at com.kms.katalon.core.webui.keyword.builtin.ClickKeyword.click(ClickKeyword.groovy:76)
	at com.kms.katalon.core.webui.keyword.builtin.ClickKeyword.execute(ClickKeyword.groovy:43)
	at com.kms.katalon.core.keyword.internal.KeywordExecutor.executeKeywordForPlatform(KeywordExecutor.groovy:73)
	at com.kms.katalon.core.webui.keyword.WebUiBuiltInKeywords.click(WebUiBuiltInKeywords.groovy:616)
	at com.kms.katalon.core.webui.keyword.WebUiBuiltInKeywords$click$1.call(Unknown Source)
	at FG3D Test.run(FG3D Test:37)
	at com.kms.katalon.core.main.ScriptEngine.run(ScriptEngine.java:194)
	at com.kms.katalon.core.main.ScriptEngine.runScriptAsRawText(ScriptEngine.java:119)
	at com.kms.katalon.core.main.TestCaseExecutor.runScript(TestCaseExecutor.java:339)
	at com.kms.katalon.core.main.TestCaseExecutor.doExecute(TestCaseExecutor.java:330)
	at com.kms.katalon.core.main.TestCaseExecutor.processExecutionPhase(TestCaseExecutor.java:309)
	at com.kms.katalon.core.main.TestCaseExecutor.accessMainPhase(TestCaseExecutor.java:301)
	at com.kms.katalon.core.main.TestCaseExecutor.execute(TestCaseExecutor.java:235)
	at com.kms.katalon.core.main.TestSuiteExecutor.accessTestCaseMainPhase(TestSuiteExecutor.java:191)
	at com.kms.katalon.core.main.TestSuiteExecutor.accessTestSuiteMainPhase(TestSuiteExecutor.java:141)
	at com.kms.katalon.core.main.TestSuiteExecutor.execute(TestSuiteExecutor.java:90)
	at com.kms.katalon.core.main.TestCaseMain.startTestSuite(TestCaseMain.java:157)
	at com.kms.katalon.core.main.TestCaseMain$startTestSuite$0.call(Unknown Source)
	at TempTestSuite1599157317494.run(TempTestSuite1599157317494.groovy:39)
Caused by: org.openqa.selenium.ElementNotInteractableException: element not interactable
  (Session info: chrome=85.0.4183.83)
Build info: version: '3.141.59', revision: 'e82be7d358', time: '2018-11-14T08:25:53'
System info: host: 'bah5cd9168lrq.resource.ds.bah.com', ip: 'fe80:0:0:0:8e5:6086:d883:e3f8%en0', os.name: 'Mac OS X', os.arch: 'x86_64', os.version: '10.15.6', java.version: '1.8.0_181'
Driver info: com.kms.katalon.selenium.driver.CChromeDriver
Capabilities {acceptInsecureCerts: false, browserName: chrome, browserVersion: 85.0.4183.83, chrome: {chromedriverVersion: 85.0.4183.87 (cd6713ebf92fa..., userDataDir: /var/folders/mk/mm0g76rn3_g...}, goog:chromeOptions: {debuggerAddress: localhost:59070}, javascriptEnabled: true, networkConnectionEnabled: false, pageLoadStrategy: normal, platform: MAC, platformName: MAC, proxy: Proxy(), setWindowRect: true, strictFileInteractability: false, timeouts: {implicit: 0, pageLoad: 300000, script: 30000}, unhandledPromptBehavior: dismiss and notify, webauthn:virtualAuthenticators: true}
Session ID: 438711d5935fd673cb36f39a195a1d00
	at org.openqa.selenium.remote.http.W3CHttpResponseCodec.createException(W3CHttpResponseCodec.java:187)
	at org.openqa.selenium.remote.http.W3CHttpResponseCodec.decode(W3CHttpResponseCodec.java:122)
	at org.openqa.selenium.remote.http.W3CHttpResponseCodec.decode(W3CHttpResponseCodec.java:49)
	at org.openqa.selenium.remote.HttpCommandExecutor.execute(HttpCommandExecutor.java:158)
	at org.openqa.selenium.remote.service.DriverCommandExecutor.execute(DriverCommandExecutor.java:83)
	at org.openqa.selenium.remote.RemoteWebDriver.execute(RemoteWebDriver.java:552)
	at com.kms.katalon.selenium.driver.CChromeDriver.execute(CChromeDriver.java:19)
	at org.openqa.selenium.remote.RemoteWebElement.execute(RemoteWebElement.java:285)
	at org.openqa.selenium.remote.RemoteWebElement.click(RemoteWebElement.java:84)
	at org.openqa.selenium.support.events.EventFiringWebDriver$EventFiringWebElement.lambda$new$0(EventFiringWebDriver.java:404)
	at com.sun.proxy.$Proxy9.click(Unknown Source)
	at org.openqa.selenium.support.events.EventFiringWebDriver$EventFiringWebElement.click(EventFiringWebDriver.java:417)
	at com.kms.katalon.core.webui.keyword.builtin.ClickKeyword$_click_closure1.doCall(ClickKeyword.groovy:69)
	at com.kms.katalon.core.webui.keyword.builtin.ClickKeyword$_click_closure1.call(ClickKeyword.groovy)
	at com.kms.katalon.core.webui.keyword.internal.WebUIKeywordMain.runKeyword(WebUIKeywordMain.groovy:20)
	... 19 more]]></system-err>
   </testsuite>
</testsuites>
